<?xml version="1.0" encoding="UTF-8"?>
<!-- Generated by org.testng.reporters.JUnitXMLReporter -->
<testsuite ignored="6" hostname="Sarojchandra-01" failures="2" tests="11" name="RunOnChrome" time="143.952" errors="0" timestamp="2022-09-21T11:58:50 IST">
  <testcase classname="in.amazon.nagpselenium.TestCases.Verify_Amazon_CommonFunctionalities" name="TC_ValidateHomePage" time="0.631"/>
  <testcase classname="in.amazon.nagpselenium.TestCases.Verify_Amazon_CommonFunctionalities" name="TC_VeriyCustomerService" time="2.593"/>
  <testcase classname="in.amazon.nagpselenium.TestCases.Verify_Amazon_CommonFunctionalities" name="TC_SetDeliveryTo_ZipCode_Location" time="1.522">
    <failure type="java.lang.AssertionError" message="Set delivery location is incorrect. expected [true] but found [false]">
      <![CDATA[java.lang.AssertionError: Set delivery location is incorrect. expected [true] but found [false]
at in.amazon.nagpselenium.pages.deliveryAddress.setDeliveryZipCode(deliveryAddress.java:52)
at in.amazon.nagpselenium.TestCases.Verify_Amazon_CommonFunctionalities.TC_SetDeliveryTo_ZipCode_Location(Verify_Amazon_CommonFunctionalities.java:42)
at java.base/java.util.ArrayList.forEach(ArrayList.java:1511)
... Removed 30 stack frames]]>
    </failure>
  </testcase> <!-- TC_SetDeliveryTo_ZipCode_Location -->
  <testcase classname="in.amazon.nagpselenium.TestCases.Validate_CreateAccountForMultipleUser_AmazonSignIn" name="TC_Login" time="6.531"/>
  <testcase classname="in.amazon.nagpselenium.TestCases.Validate_CreateAccountForMultipleUser_AmazonSignIn" name="TC_CreateNewAccount" time="3.627"/>
  <testcase classname="in.amazon.nagpselenium.TestCases.Validate_CreateAccountForMultipleUser_AmazonSignIn" name="TC_CreateNewAccount" time="3.571"/>
  <testcase classname="in.amazon.nagpselenium.TestCases.Validate_CreateAccountForMultipleUser_AmazonSignIn" name="TC_CreateNewAccount" time="3.508"/>
  <testcase classname="in.amazon.nagpselenium.TestCases.Validate_CreateAccountForMultipleUser_AmazonSignIn" name="TC_CreateNewAccount" time="3.433"/>
  <testcase classname="in.amazon.nagpselenium.TestCases.Verify_AmazonPrime" name="TC_VerifyPrimeMembership" time="90.681">
    <failure type="org.openqa.selenium.TimeoutException" message="Expected condition failed: waiting for visibility of Proxy element for: DefaultElementLocator &amp;apos;By.id: nav-link-prime&amp;apos; (tried for 60 second(s) with 500 milliseconds interval)">
      <![CDATA[org.openqa.selenium.TimeoutException: Expected condition failed: waiting for visibility of Proxy element for: DefaultElementLocator 'By.id: nav-link-prime' (tried for 60 second(s) with 500 milliseconds interval)
at org.openqa.selenium.support.ui.WebDriverWait.timeoutException(WebDriverWait.java:87)
at org.openqa.selenium.support.ui.FluentWait.until(FluentWait.java:231)
at in.amazon.nagpselenium.common.util.Base.Wait(Base.java:117)
at in.amazon.nagpselenium.pages.prime.verifyPrimeMembershipPage(prime.java:45)
at in.amazon.nagpselenium.TestCases.Verify_AmazonPrime.TC_VerifyPrimeMembership(Verify_AmazonPrime.java:20)
at java.base/java.util.ArrayList.forEach(ArrayList.java:1511)
Caused by: org.openqa.selenium.NoSuchElementException: no such element: Unable to locate element: {"method":"css selector","selector":"#nav\-link\-prime"}
  (Session info: chrome=105.0.5195.127)
For documentation on this error, please visit: https://selenium.dev/exceptions/#no_such_element
Build info: version: '4.1.4', revision: '535d840ee2'
System info: host: 'SAROJCHANDRA-01', ip: '192.168.0.158', os.name: 'Windows 11', os.arch: 'amd64', os.version: '10.0', java.version: '17.0.2'
Driver info: org.openqa.selenium.chrome.ChromeDriver
Command: [cdc7d1c58dc7330eb8bcd7266b0417f2, findElement {using=id, value=nav-link-prime}]
Capabilities {acceptInsecureCerts: false, browserName: chrome, browserVersion: 105.0.5195.127, chrome: {chromedriverVersion: 105.0.5195.52 (412c95e51883..., userDataDir: C:\Users\SAROJC~1\AppData\L...}, goog:chromeOptions: {debuggerAddress: localhost:49802}, javascriptEnabled: true, networkConnectionEnabled: false, pageLoadStrategy: normal, platform: WINDOWS, platformName: WINDOWS, proxy: Proxy(), se:cdp: ws://localhost:49802/devtoo..., se:cdpVersion: 105.0.5195.127, setWindowRect: true, strictFileInteractability: false, timeouts: {implicit: 0, pageLoad: 300000, script: 30000}, unhandledPromptBehavior: dismiss and notify, webauthn:extension:credBlob: true, webauthn:extension:largeBlob: true, webauthn:virtualAuthenticators: true}
Session ID: cdc7d1c58dc7330eb8bcd7266b0417f2
at org.openqa.selenium.remote.codec.w3c.W3CHttpResponseCodec.createException(W3CHttpResponseCodec.java:200)
at org.openqa.selenium.remote.codec.w3c.W3CHttpResponseCodec.decode(W3CHttpResponseCodec.java:133)
at org.openqa.selenium.remote.codec.w3c.W3CHttpResponseCodec.decode(W3CHttpResponseCodec.java:53)
at org.openqa.selenium.remote.HttpCommandExecutor.execute(HttpCommandExecutor.java:184)
at org.openqa.selenium.remote.service.DriverCommandExecutor.invokeExecute(DriverCommandExecutor.java:167)
at org.openqa.selenium.remote.service.DriverCommandExecutor.execute(DriverCommandExecutor.java:142)
at org.openqa.selenium.remote.RemoteWebDriver.execute(RemoteWebDriver.java:567)
at org.openqa.selenium.remote.ElementLocation$ElementFinder$2.findElement(ElementLocation.java:162)
at org.openqa.selenium.remote.ElementLocation.findElement(ElementLocation.java:60)
at org.openqa.selenium.remote.RemoteWebDriver.findElement(RemoteWebDriver.java:385)
at org.openqa.selenium.remote.RemoteWebDriver.findElement(RemoteWebDriver.java:377)
at org.openqa.selenium.support.pagefactory.DefaultElementLocator.findElement(DefaultElementLocator.java:70)
at org.openqa.selenium.support.pagefactory.internal.LocatingElementHandler.invoke(LocatingElementHandler.java:39)
at jdk.proxy2/jdk.proxy2.$Proxy35.isDisplayed(Unknown Source)
at org.openqa.selenium.support.ui.ExpectedConditions.elementIfVisible(ExpectedConditions.java:307)
at org.openqa.selenium.support.ui.ExpectedConditions.access$000(ExpectedConditions.java:40)
at org.openqa.selenium.support.ui.ExpectedConditions$10.apply(ExpectedConditions.java:293)
at org.openqa.selenium.support.ui.ExpectedConditions$10.apply(ExpectedConditions.java:290)
at org.openqa.selenium.support.ui.FluentWait.until(FluentWait.java:208)
... 31 more
... Removed 32 stack frames]]>
    </failure>
  </testcase> <!-- TC_VerifyPrimeMembership -->
  <testcase classname="in.amazon.nagpselenium.TestCases.Validate_AmazonCart" name="TC_SearchAndAddToCart" time="8.173"/>
  <testcase classname="in.amazon.nagpselenium.TestCases.Validate_AmazonCart" name="TC_VerifyCart" time="3.489"/>
  <testcase classname="in.amazon.nagpselenium.base.BaseTest" name="@AfterTest Finish" time="0.0">
    <ignored/>
  </testcase> <!-- @AfterTest Finish -->
  <testcase classname="in.amazon.nagpselenium.base.BaseTest" name="@AfterTest Finish" time="0.0">
    <ignored/>
  </testcase> <!-- @AfterTest Finish -->
  <testcase classname="in.amazon.nagpselenium.base.BaseTest" name="@AfterTest Finish" time="0.0">
    <ignored/>
  </testcase> <!-- @AfterTest Finish -->
  <testcase classname="in.amazon.nagpselenium.base.BaseTest" name="@AfterSuite CloseInstance" time="0.0">
    <ignored/>
  </testcase> <!-- @AfterSuite CloseInstance -->
  <testcase classname="in.amazon.nagpselenium.base.BaseTest" name="@AfterSuite CloseInstance" time="0.0">
    <ignored/>
  </testcase> <!-- @AfterSuite CloseInstance -->
  <testcase classname="in.amazon.nagpselenium.base.BaseTest" name="@AfterSuite CloseInstance" time="0.0">
    <ignored/>
  </testcase> <!-- @AfterSuite CloseInstance -->
</testsuite> <!-- RunOnChrome -->
