<?xml version="1.0" encoding="UTF-8"?>
<!-- Generated by org.testng.reporters.JUnitXMLReporter -->
<testsuite ignored="7" hostname="Sarojchandra-01" failures="0" tests="1" name="Default test" time="0.647" errors="0" timestamp="2022-06-03T17:43:01 IST">
  <testcase classname="in.amazon.nagpselenium.base.BaseTest" name="@BeforeClass Initialize" time="-1.654258380266E9">
    <failure type="org.testng.TestNGException" message="
Parameter &amp;apos;browser&amp;apos; is required by BeforeClass on method Initialize but has not been marked @Optional or defined
in C:\Users\sarojchandrabanshi\AppData\Local\Temp\testng-eclipse-514386257\testng-customsuite.xml">
      <![CDATA[org.testng.TestNGException: 
Parameter 'browser' is required by BeforeClass on method Initialize but has not been marked @Optional or defined
in C:\Users\sarojchandrabanshi\AppData\Local\Temp\testng-eclipse-514386257\testng-customsuite.xml
at org.testng.internal.Parameters.createParams(Parameters.java:270)
at org.testng.internal.Parameters.createParametersForMethod(Parameters.java:358)
at org.testng.internal.Parameters.createParameters(Parameters.java:700)
at org.testng.internal.Parameters.createConfigurationParameters(Parameters.java:168)
at org.testng.internal.ConfigInvoker.invokeConfigurations(ConfigInvoker.java:302)
at org.testng.internal.TestMethodWorker.invokeBeforeClassMethods(TestMethodWorker.java:176)
at org.testng.internal.TestMethodWorker.run(TestMethodWorker.java:122)
at java.base/java.util.ArrayList.forEach(ArrayList.java:1511)
at org.testng.TestRunner.privateRun(TestRunner.java:794)
at org.testng.TestRunner.run(TestRunner.java:596)
at org.testng.SuiteRunner.runTest(SuiteRunner.java:377)
at org.testng.SuiteRunner.runSequentially(SuiteRunner.java:371)
at org.testng.SuiteRunner.privateRun(SuiteRunner.java:332)
at org.testng.SuiteRunner.run(SuiteRunner.java:276)
at org.testng.SuiteRunnerWorker.runSuite(SuiteRunnerWorker.java:53)
at org.testng.SuiteRunnerWorker.run(SuiteRunnerWorker.java:96)
at org.testng.TestNG.runSuitesSequentially(TestNG.java:1212)
at org.testng.TestNG.runSuitesLocally(TestNG.java:1134)
at org.testng.TestNG.runSuites(TestNG.java:1063)
at org.testng.TestNG.run(TestNG.java:1031)
at org.testng.remote.AbstractRemoteTestNG.run(AbstractRemoteTestNG.java:115)
at org.testng.remote.RemoteTestNG.initAndRun(RemoteTestNG.java:251)
at org.testng.remote.RemoteTestNG.main(RemoteTestNG.java:77)
]]>
    </failure>
  </testcase> <!-- @BeforeClass Initialize -->
  <testcase classname="in.amazon.nagpselenium.TestCases.Verify_Amazon_DifferentFunctionalities" name="@BeforeMethod CreateInstance" time="-1.654258380311E9">
    <skipped/>
  </testcase> <!-- @BeforeMethod CreateInstance -->
  <testcase classname="in.amazon.nagpselenium.TestCases.Verify_Amazon_DifferentFunctionalities" name="@AfterMethod CloseInstance" time="-1.654258380724E9">
    <skipped/>
  </testcase> <!-- @AfterMethod CloseInstance -->
  <testcase classname="in.amazon.nagpselenium.base.BaseTest" name="@AfterClass Finish" time="-1.654258380728E9">
    <skipped/>
  </testcase> <!-- @AfterClass Finish -->
  <testcase classname="in.amazon.nagpselenium.TestCases.Verify_Amazon_DifferentFunctionalities" name="TC_Login" time="0.0">
    <skipped/>
  </testcase> <!-- TC_Login -->
  <testcase classname="in.amazon.nagpselenium.TestCases.Verify_Amazon_DifferentFunctionalities" name="TC_SetDeliveryTo_ZipCode_Location" time="0.0">
    <ignored/>
  </testcase> <!-- TC_SetDeliveryTo_ZipCode_Location -->
  <testcase classname="in.amazon.nagpselenium.TestCases.Verify_Amazon_DifferentFunctionalities" name="TC_VeriyCustomerService" time="0.0">
    <ignored/>
  </testcase> <!-- TC_VeriyCustomerService -->
  <testcase classname="in.amazon.nagpselenium.TestCases.Verify_Amazon_DifferentFunctionalities" name="TC_VerifyCart" time="0.0">
    <ignored/>
  </testcase> <!-- TC_VerifyCart -->
  <testcase classname="in.amazon.nagpselenium.TestCases.Verify_Amazon_DifferentFunctionalities" name="TC_SearchAndAddToCart" time="0.0">
    <ignored/>
  </testcase> <!-- TC_SearchAndAddToCart -->
  <testcase classname="in.amazon.nagpselenium.TestCases.Verify_Amazon_DifferentFunctionalities" name="TC_ValidateHomePage" time="0.0">
    <ignored/>
  </testcase> <!-- TC_ValidateHomePage -->
  <testcase classname="in.amazon.nagpselenium.TestCases.Verify_Amazon_DifferentFunctionalities" name="TC_CreateNewAccount" time="0.0">
    <ignored/>
  </testcase> <!-- TC_CreateNewAccount -->
  <testcase classname="in.amazon.nagpselenium.TestCases.Verify_Amazon_DifferentFunctionalities" name="TC_VerifyPrimeMembership" time="0.0">
    <ignored/>
  </testcase> <!-- TC_VerifyPrimeMembership -->
</testsuite> <!-- Default test -->
