<?xml version="1.0" encoding="UTF-8"?>
<testng-results skipped="0" failed="4" ignored="6" total="17" passed="7">
  <reporter-output>
  </reporter-output>
  <suite name="SuiteForChrome" duration-ms="238620" started-at="2022-06-14T12:11:13 IST" finished-at="2022-06-14T12:15:12 IST">
    <groups>
      <group name="Chrome">
        <method signature="Validate_AmazonCart.TC_SearchAndAddToCart(java.lang.reflect.Method)[pri:0, instance:in.amazon.nagpselenium.TestCases.Validate_AmazonCart@75881071]" name="TC_SearchAndAddToCart" class="in.amazon.nagpselenium.TestCases.Validate_AmazonCart"/>
        <method signature="Validate_CreateAccountForMultipleUser_AmazonSignIn.TC_Login()[pri:0, instance:in.amazon.nagpselenium.TestCases.Validate_CreateAccountForMultipleUser_AmazonSignIn@c81cdd1]" name="TC_Login" class="in.amazon.nagpselenium.TestCases.Validate_CreateAccountForMultipleUser_AmazonSignIn"/>
        <method signature="Verify_AmazonPrime.TC_VerifyPrimeMembership()[pri:0, instance:in.amazon.nagpselenium.TestCases.Verify_AmazonPrime@1fc2b765]" name="TC_VerifyPrimeMembership" class="in.amazon.nagpselenium.TestCases.Verify_AmazonPrime"/>
        <method signature="Verify_Amazon_CommonFunctionalities.TC_ValidateHomePage(java.lang.reflect.Method)[pri:0, instance:in.amazon.nagpselenium.TestCases.Verify_Amazon_CommonFunctionalities@32eebfca]" name="TC_ValidateHomePage" class="in.amazon.nagpselenium.TestCases.Verify_Amazon_CommonFunctionalities"/>
        <method signature="Validate_AmazonCart.TC_VerifyCart(java.lang.reflect.Method)[pri:1, instance:in.amazon.nagpselenium.TestCases.Validate_AmazonCart@75881071]" name="TC_VerifyCart" class="in.amazon.nagpselenium.TestCases.Validate_AmazonCart"/>
        <method signature="Validate_CreateAccountForMultipleUser_AmazonSignIn.TC_CreateNewAccount(java.lang.String,java.lang.String,java.lang.String,java.lang.String)[pri:1, instance:in.amazon.nagpselenium.TestCases.Validate_CreateAccountForMultipleUser_AmazonSignIn@c81cdd1]" name="TC_CreateNewAccount" class="in.amazon.nagpselenium.TestCases.Validate_CreateAccountForMultipleUser_AmazonSignIn"/>
        <method signature="Verify_Amazon_CommonFunctionalities.TC_VeriyCustomerService()[pri:1, instance:in.amazon.nagpselenium.TestCases.Verify_Amazon_CommonFunctionalities@32eebfca]" name="TC_VeriyCustomerService" class="in.amazon.nagpselenium.TestCases.Verify_Amazon_CommonFunctionalities"/>
        <method signature="Verify_Amazon_CommonFunctionalities.TC_SetDeliveryTo_ZipCode_Location()[pri:2, instance:in.amazon.nagpselenium.TestCases.Verify_Amazon_CommonFunctionalities@32eebfca]" name="TC_SetDeliveryTo_ZipCode_Location" class="in.amazon.nagpselenium.TestCases.Verify_Amazon_CommonFunctionalities"/>
      </group> <!-- Chrome -->
      <group name="Edge">
        <method signature="Validate_CreateAccountForMultipleUser_AmazonSignIn.TC_Login()[pri:0, instance:in.amazon.nagpselenium.TestCases.Validate_CreateAccountForMultipleUser_AmazonSignIn@c81cdd1]" name="TC_Login" class="in.amazon.nagpselenium.TestCases.Validate_CreateAccountForMultipleUser_AmazonSignIn"/>
      </group> <!-- Edge -->
      <group name="Firefox">
        <method signature="Validate_CreateAccountForMultipleUser_AmazonSignIn.TC_Login()[pri:0, instance:in.amazon.nagpselenium.TestCases.Validate_CreateAccountForMultipleUser_AmazonSignIn@c81cdd1]" name="TC_Login" class="in.amazon.nagpselenium.TestCases.Validate_CreateAccountForMultipleUser_AmazonSignIn"/>
        <method signature="Verify_AmazonPrime.TC_VerifyPrimeMembership()[pri:0, instance:in.amazon.nagpselenium.TestCases.Verify_AmazonPrime@1fc2b765]" name="TC_VerifyPrimeMembership" class="in.amazon.nagpselenium.TestCases.Verify_AmazonPrime"/>
        <method signature="Verify_Amazon_CommonFunctionalities.TC_SetDeliveryTo_ZipCode_Location()[pri:2, instance:in.amazon.nagpselenium.TestCases.Verify_Amazon_CommonFunctionalities@32eebfca]" name="TC_SetDeliveryTo_ZipCode_Location" class="in.amazon.nagpselenium.TestCases.Verify_Amazon_CommonFunctionalities"/>
      </group> <!-- Firefox -->
    </groups>
    <test name="RunOnChrome" duration-ms="238620" started-at="2022-06-14T12:11:13 IST" finished-at="2022-06-14T12:15:12 IST">
      <class name="in.amazon.nagpselenium.TestCases.Validate_CreateAccountForMultipleUser_AmazonSignIn">
        <test-method status="PASS" signature="Initialize(java.lang.String)[pri:0, instance:in.amazon.nagpselenium.TestCases.Validate_CreateAccountForMultipleUser_AmazonSignIn@c81cdd1]" name="Initialize" is-config="true" duration-ms="20405" started-at="2022-06-14T12:11:54 IST" finished-at="2022-06-14T12:12:14 IST">
          <params>
            <param index="0">
              <value>
                <![CDATA[Chrome]]>
              </value>
            </param>
          </params>
          <reporter-output>
          </reporter-output>
        </test-method> <!-- Initialize -->
        <test-method status="PASS" signature="CreateInstance(java.lang.reflect.Method)[pri:0, instance:in.amazon.nagpselenium.TestCases.Validate_CreateAccountForMultipleUser_AmazonSignIn@c81cdd1]" name="CreateInstance" is-config="true" duration-ms="12" started-at="2022-06-14T12:12:14 IST" finished-at="2022-06-14T12:12:14 IST">
          <params>
            <param index="0">
              <value>
                <![CDATA[public void in.amazon.nagpselenium.TestCases.Validate_CreateAccountForMultipleUser_AmazonSignIn.TC_Login()]]>
              </value>
            </param>
          </params>
          <reporter-output>
          </reporter-output>
        </test-method> <!-- CreateInstance -->
        <test-method status="PASS" signature="TC_Login()[pri:0, instance:in.amazon.nagpselenium.TestCases.Validate_CreateAccountForMultipleUser_AmazonSignIn@c81cdd1]" name="TC_Login" duration-ms="14054" started-at="2022-06-14T12:12:14 IST" description="Login to Amzon using correct email but wrong password and verifying alert message." finished-at="2022-06-14T12:12:28 IST">
          <reporter-output>
          </reporter-output>
        </test-method> <!-- TC_Login -->
        <test-method status="PASS" signature="CreateInstance(java.lang.reflect.Method)[pri:0, instance:in.amazon.nagpselenium.TestCases.Validate_CreateAccountForMultipleUser_AmazonSignIn@c81cdd1]" name="CreateInstance" is-config="true" duration-ms="5" started-at="2022-06-14T12:12:30 IST" finished-at="2022-06-14T12:12:30 IST">
          <params>
            <param index="0">
              <value>
                <![CDATA[public void in.amazon.nagpselenium.TestCases.Validate_CreateAccountForMultipleUser_AmazonSignIn.TC_CreateNewAccount(java.lang.String,java.lang.String,java.lang.String,java.lang.String)]]>
              </value>
            </param>
          </params>
          <reporter-output>
          </reporter-output>
        </test-method> <!-- CreateInstance -->
        <test-method status="PASS" signature="TC_CreateNewAccount(java.lang.String,java.lang.String,java.lang.String,java.lang.String)[pri:1, instance:in.amazon.nagpselenium.TestCases.Validate_CreateAccountForMultipleUser_AmazonSignIn@c81cdd1]" name="TC_CreateNewAccount" duration-ms="8901" started-at="2022-06-14T12:12:30 IST" description="Verifying Create Account page with multiple user details fom excel data file." data-provider="user_details" finished-at="2022-06-14T12:12:39 IST">
          <params>
            <param index="0">
              <value>
                <![CDATA[Saroj]]>
              </value>
            </param>
            <param index="1">
              <value>
                <![CDATA[sarojkumar@test.com]]>
              </value>
            </param>
            <param index="2">
              <value>
                <![CDATA[9952575909]]>
              </value>
            </param>
            <param index="3">
              <value>
                <![CDATA[testtest_2]]>
              </value>
            </param>
          </params>
          <reporter-output>
          </reporter-output>
        </test-method> <!-- TC_CreateNewAccount -->
        <test-method status="PASS" signature="CreateInstance(java.lang.reflect.Method)[pri:0, instance:in.amazon.nagpselenium.TestCases.Validate_CreateAccountForMultipleUser_AmazonSignIn@c81cdd1]" name="CreateInstance" is-config="true" duration-ms="3" started-at="2022-06-14T12:12:39 IST" finished-at="2022-06-14T12:12:39 IST">
          <params>
            <param index="0">
              <value>
                <![CDATA[public void in.amazon.nagpselenium.TestCases.Validate_CreateAccountForMultipleUser_AmazonSignIn.TC_CreateNewAccount(java.lang.String,java.lang.String,java.lang.String,java.lang.String)]]>
              </value>
            </param>
          </params>
          <reporter-output>
          </reporter-output>
        </test-method> <!-- CreateInstance -->
        <test-method status="PASS" signature="TC_CreateNewAccount(java.lang.String,java.lang.String,java.lang.String,java.lang.String)[pri:1, instance:in.amazon.nagpselenium.TestCases.Validate_CreateAccountForMultipleUser_AmazonSignIn@c81cdd1]" name="TC_CreateNewAccount" duration-ms="8314" started-at="2022-06-14T12:12:39 IST" description="Verifying Create Account page with multiple user details fom excel data file." data-provider="user_details" finished-at="2022-06-14T12:12:47 IST">
          <params>
            <param index="0">
              <value>
                <![CDATA[Ankita]]>
              </value>
            </param>
            <param index="1">
              <value>
                <![CDATA[Ankitatest@test.com]]>
              </value>
            </param>
            <param index="2">
              <value>
                <![CDATA[9952575907]]>
              </value>
            </param>
            <param index="3">
              <value>
                <![CDATA[testtest_3]]>
              </value>
            </param>
          </params>
          <reporter-output>
          </reporter-output>
        </test-method> <!-- TC_CreateNewAccount -->
        <test-method status="PASS" signature="CreateInstance(java.lang.reflect.Method)[pri:0, instance:in.amazon.nagpselenium.TestCases.Validate_CreateAccountForMultipleUser_AmazonSignIn@c81cdd1]" name="CreateInstance" is-config="true" duration-ms="14" started-at="2022-06-14T12:12:47 IST" finished-at="2022-06-14T12:12:47 IST">
          <params>
            <param index="0">
              <value>
                <![CDATA[public void in.amazon.nagpselenium.TestCases.Validate_CreateAccountForMultipleUser_AmazonSignIn.TC_CreateNewAccount(java.lang.String,java.lang.String,java.lang.String,java.lang.String)]]>
              </value>
            </param>
          </params>
          <reporter-output>
          </reporter-output>
        </test-method> <!-- CreateInstance -->
        <test-method status="PASS" signature="TC_CreateNewAccount(java.lang.String,java.lang.String,java.lang.String,java.lang.String)[pri:1, instance:in.amazon.nagpselenium.TestCases.Validate_CreateAccountForMultipleUser_AmazonSignIn@c81cdd1]" name="TC_CreateNewAccount" duration-ms="8567" started-at="2022-06-14T12:12:47 IST" description="Verifying Create Account page with multiple user details fom excel data file." data-provider="user_details" finished-at="2022-06-14T12:12:55 IST">
          <params>
            <param index="0">
              <value>
                <![CDATA[Abhay]]>
              </value>
            </param>
            <param index="1">
              <value>
                <![CDATA[Abhayjkumar@test.com]]>
              </value>
            </param>
            <param index="2">
              <value>
                <![CDATA[9952575906]]>
              </value>
            </param>
            <param index="3">
              <value>
                <![CDATA[testtest_4]]>
              </value>
            </param>
          </params>
          <reporter-output>
          </reporter-output>
        </test-method> <!-- TC_CreateNewAccount -->
        <test-method status="PASS" signature="CreateInstance(java.lang.reflect.Method)[pri:0, instance:in.amazon.nagpselenium.TestCases.Validate_CreateAccountForMultipleUser_AmazonSignIn@c81cdd1]" name="CreateInstance" is-config="true" duration-ms="11" started-at="2022-06-14T12:12:55 IST" finished-at="2022-06-14T12:12:55 IST">
          <params>
            <param index="0">
              <value>
                <![CDATA[public void in.amazon.nagpselenium.TestCases.Validate_CreateAccountForMultipleUser_AmazonSignIn.TC_CreateNewAccount(java.lang.String,java.lang.String,java.lang.String,java.lang.String)]]>
              </value>
            </param>
          </params>
          <reporter-output>
          </reporter-output>
        </test-method> <!-- CreateInstance -->
        <test-method status="PASS" signature="TC_CreateNewAccount(java.lang.String,java.lang.String,java.lang.String,java.lang.String)[pri:1, instance:in.amazon.nagpselenium.TestCases.Validate_CreateAccountForMultipleUser_AmazonSignIn@c81cdd1]" name="TC_CreateNewAccount" duration-ms="8211" started-at="2022-06-14T12:12:55 IST" description="Verifying Create Account page with multiple user details fom excel data file." data-provider="user_details" finished-at="2022-06-14T12:13:04 IST">
          <params>
            <param index="0">
              <value>
                <![CDATA[Deeksha]]>
              </value>
            </param>
            <param index="1">
              <value>
                <![CDATA[deelshatest@test.com]]>
              </value>
            </param>
            <param index="2">
              <value>
                <![CDATA[9952575905]]>
              </value>
            </param>
            <param index="3">
              <value>
                <![CDATA[testtest_5]]>
              </value>
            </param>
          </params>
          <reporter-output>
          </reporter-output>
        </test-method> <!-- TC_CreateNewAccount -->
      </class> <!-- in.amazon.nagpselenium.TestCases.Validate_CreateAccountForMultipleUser_AmazonSignIn -->
      <class name="in.amazon.nagpselenium.TestCases.Validate_AmazonCart">
        <test-method status="PASS" signature="Initialize(java.lang.String)[pri:0, instance:in.amazon.nagpselenium.TestCases.Validate_AmazonCart@75881071]" name="Initialize" is-config="true" duration-ms="1630" started-at="2022-06-14T12:14:38 IST" finished-at="2022-06-14T12:14:40 IST">
          <params>
            <param index="0">
              <value>
                <![CDATA[Chrome]]>
              </value>
            </param>
          </params>
          <reporter-output>
          </reporter-output>
        </test-method> <!-- Initialize -->
        <test-method status="PASS" signature="CreateInstance(java.lang.reflect.Method)[pri:0, instance:in.amazon.nagpselenium.TestCases.Validate_AmazonCart@75881071]" name="CreateInstance" is-config="true" duration-ms="5" started-at="2022-06-14T12:14:40 IST" finished-at="2022-06-14T12:14:40 IST">
          <params>
            <param index="0">
              <value>
                <![CDATA[public void in.amazon.nagpselenium.TestCases.Validate_AmazonCart.TC_SearchAndAddToCart(java.lang.reflect.Method) throws java.io.IOException]]>
              </value>
            </param>
          </params>
          <reporter-output>
          </reporter-output>
        </test-method> <!-- CreateInstance -->
        <test-method status="PASS" signature="TC_SearchAndAddToCart(java.lang.reflect.Method)[pri:0, instance:in.amazon.nagpselenium.TestCases.Validate_AmazonCart@75881071]" name="TC_SearchAndAddToCart" duration-ms="21668" started-at="2022-06-14T12:14:40 IST" description="Searching iteams and addind to cart." finished-at="2022-06-14T12:15:02 IST">
          <params>
            <param index="0">
              <value>
                <![CDATA[public void in.amazon.nagpselenium.TestCases.Validate_AmazonCart.TC_SearchAndAddToCart(java.lang.reflect.Method) throws java.io.IOException]]>
              </value>
            </param>
          </params>
          <reporter-output>
          </reporter-output>
        </test-method> <!-- TC_SearchAndAddToCart -->
        <test-method status="PASS" signature="CreateInstance(java.lang.reflect.Method)[pri:0, instance:in.amazon.nagpselenium.TestCases.Validate_AmazonCart@75881071]" name="CreateInstance" is-config="true" duration-ms="10" started-at="2022-06-14T12:15:02 IST" finished-at="2022-06-14T12:15:02 IST">
          <params>
            <param index="0">
              <value>
                <![CDATA[public void in.amazon.nagpselenium.TestCases.Validate_AmazonCart.TC_VerifyCart(java.lang.reflect.Method) throws java.lang.NumberFormatException,java.io.IOException]]>
              </value>
            </param>
          </params>
          <reporter-output>
          </reporter-output>
        </test-method> <!-- CreateInstance -->
        <test-method status="PASS" signature="TC_VerifyCart(java.lang.reflect.Method)[pri:1, instance:in.amazon.nagpselenium.TestCases.Validate_AmazonCart@75881071]" name="TC_VerifyCart" duration-ms="8734" started-at="2022-06-14T12:15:02 IST" description="Verifying cart count and cart page added iteams." finished-at="2022-06-14T12:15:10 IST">
          <params>
            <param index="0">
              <value>
                <![CDATA[public void in.amazon.nagpselenium.TestCases.Validate_AmazonCart.TC_VerifyCart(java.lang.reflect.Method) throws java.lang.NumberFormatException,java.io.IOException]]>
              </value>
            </param>
          </params>
          <reporter-output>
          </reporter-output>
        </test-method> <!-- TC_VerifyCart -->
      </class> <!-- in.amazon.nagpselenium.TestCases.Validate_AmazonCart -->
      <class name="in.amazon.nagpselenium.TestCases.Verify_Amazon_CommonFunctionalities">
        <test-method status="PASS" signature="Initialize(java.lang.String)[pri:0, instance:in.amazon.nagpselenium.TestCases.Verify_Amazon_CommonFunctionalities@32eebfca]" name="Initialize" is-config="true" duration-ms="24256" started-at="2022-06-14T12:11:13 IST" finished-at="2022-06-14T12:11:37 IST">
          <params>
            <param index="0">
              <value>
                <![CDATA[Chrome]]>
              </value>
            </param>
          </params>
          <reporter-output>
          </reporter-output>
        </test-method> <!-- Initialize -->
        <test-method status="PASS" signature="CreateInstance(java.lang.reflect.Method)[pri:0, instance:in.amazon.nagpselenium.TestCases.Verify_Amazon_CommonFunctionalities@32eebfca]" name="CreateInstance" is-config="true" duration-ms="5441" started-at="2022-06-14T12:11:37 IST" finished-at="2022-06-14T12:11:43 IST">
          <params>
            <param index="0">
              <value>
                <![CDATA[public void in.amazon.nagpselenium.TestCases.Verify_Amazon_CommonFunctionalities.TC_ValidateHomePage(java.lang.reflect.Method) throws java.io.IOException]]>
              </value>
            </param>
          </params>
          <reporter-output>
          </reporter-output>
        </test-method> <!-- CreateInstance -->
        <test-method status="FAIL" signature="TC_ValidateHomePage(java.lang.reflect.Method)[pri:0, instance:in.amazon.nagpselenium.TestCases.Verify_Amazon_CommonFunctionalities@32eebfca]" name="TC_ValidateHomePage" duration-ms="803" started-at="2022-06-14T12:11:43 IST" description="Verifying Amazon.in Home page with some of the functionality present." finished-at="2022-06-14T12:11:43 IST">
          <params>
            <param index="0">
              <value>
                <![CDATA[public void in.amazon.nagpselenium.TestCases.Verify_Amazon_CommonFunctionalities.TC_ValidateHomePage(java.lang.reflect.Method) throws java.io.IOException]]>
              </value>
            </param>
          </params>
          <exception class="org.openqa.selenium.NoSuchElementException">
            <message>
              <![CDATA[no such element: Unable to locate element: {"method":"css selector","selector":"#nav\-logo\-sprites"}
  (Session info: chrome=102.0.5005.115)
For documentation on this error, please visit: https://selenium.dev/exceptions/#no_such_element
Build info: version: '4.1.4', revision: '535d840ee2'
System info: host: 'SAROJCHANDRA-01', ip: '172.20.10.2', os.name: 'Windows 10', os.arch: 'amd64', os.version: '10.0', java.version: '1.8.0_281'
Driver info: org.openqa.selenium.chrome.ChromeDriver
Command: [3402c080eb50e74da4106494c6f67475, findElement {using=id, value=nav-logo-sprites}]
Capabilities {acceptInsecureCerts: false, browserName: chrome, browserVersion: 102.0.5005.115, chrome: {chromedriverVersion: 102.0.5005.61 (0e59bcc00cc4..., userDataDir: C:\Users\SAROJC~1\AppData\L...}, goog:chromeOptions: {debuggerAddress: localhost:54238}, javascriptEnabled: true, networkConnectionEnabled: false, pageLoadStrategy: normal, platform: WINDOWS, platformName: WINDOWS, proxy: Proxy(), se:cdp: ws://localhost:54238/devtoo..., se:cdpVersion: 102.0.5005.115, setWindowRect: true, strictFileInteractability: false, timeouts: {implicit: 0, pageLoad: 300000, script: 30000}, unhandledPromptBehavior: dismiss and notify, webauthn:extension:credBlob: true, webauthn:extension:largeBlob: true, webauthn:virtualAuthenticators: true}
Session ID: 3402c080eb50e74da4106494c6f67475]]>
            </message>
            <full-stacktrace>
              <![CDATA[org.openqa.selenium.NoSuchElementException: no such element: Unable to locate element: {"method":"css selector","selector":"#nav\-logo\-sprites"}
  (Session info: chrome=102.0.5005.115)
For documentation on this error, please visit: https://selenium.dev/exceptions/#no_such_element
Build info: version: '4.1.4', revision: '535d840ee2'
System info: host: 'SAROJCHANDRA-01', ip: '172.20.10.2', os.name: 'Windows 10', os.arch: 'amd64', os.version: '10.0', java.version: '1.8.0_281'
Driver info: org.openqa.selenium.chrome.ChromeDriver
Command: [3402c080eb50e74da4106494c6f67475, findElement {using=id, value=nav-logo-sprites}]
Capabilities {acceptInsecureCerts: false, browserName: chrome, browserVersion: 102.0.5005.115, chrome: {chromedriverVersion: 102.0.5005.61 (0e59bcc00cc4..., userDataDir: C:\Users\SAROJC~1\AppData\L...}, goog:chromeOptions: {debuggerAddress: localhost:54238}, javascriptEnabled: true, networkConnectionEnabled: false, pageLoadStrategy: normal, platform: WINDOWS, platformName: WINDOWS, proxy: Proxy(), se:cdp: ws://localhost:54238/devtoo..., se:cdpVersion: 102.0.5005.115, setWindowRect: true, strictFileInteractability: false, timeouts: {implicit: 0, pageLoad: 300000, script: 30000}, unhandledPromptBehavior: dismiss and notify, webauthn:extension:credBlob: true, webauthn:extension:largeBlob: true, webauthn:virtualAuthenticators: true}
Session ID: 3402c080eb50e74da4106494c6f67475
at sun.reflect.NativeConstructorAccessorImpl.newInstance0(Native Method)
at sun.reflect.NativeConstructorAccessorImpl.newInstance(NativeConstructorAccessorImpl.java:62)
at sun.reflect.DelegatingConstructorAccessorImpl.newInstance(DelegatingConstructorAccessorImpl.java:45)
at java.lang.reflect.Constructor.newInstance(Constructor.java:423)
at org.openqa.selenium.remote.codec.w3c.W3CHttpResponseCodec.createException(W3CHttpResponseCodec.java:200)
at org.openqa.selenium.remote.codec.w3c.W3CHttpResponseCodec.decode(W3CHttpResponseCodec.java:133)
at org.openqa.selenium.remote.codec.w3c.W3CHttpResponseCodec.decode(W3CHttpResponseCodec.java:53)
at org.openqa.selenium.remote.HttpCommandExecutor.execute(HttpCommandExecutor.java:184)
at org.openqa.selenium.remote.service.DriverCommandExecutor.invokeExecute(DriverCommandExecutor.java:167)
at org.openqa.selenium.remote.service.DriverCommandExecutor.execute(DriverCommandExecutor.java:142)
at org.openqa.selenium.remote.RemoteWebDriver.execute(RemoteWebDriver.java:567)
at org.openqa.selenium.remote.ElementLocation$ElementFinder$2.findElement(ElementLocation.java:162)
at org.openqa.selenium.remote.ElementLocation.findElement(ElementLocation.java:66)
at org.openqa.selenium.remote.RemoteWebDriver.findElement(RemoteWebDriver.java:385)
at org.openqa.selenium.remote.RemoteWebDriver.findElement(RemoteWebDriver.java:377)
at org.openqa.selenium.support.pagefactory.DefaultElementLocator.findElement(DefaultElementLocator.java:70)
at org.openqa.selenium.support.pagefactory.internal.LocatingElementHandler.invoke(LocatingElementHandler.java:39)
at com.sun.proxy.$Proxy32.isDisplayed(Unknown Source)
at in.amazon.nagpselenium.pages.homePage.verifyLogo(homePage.java:43)
at in.amazon.nagpselenium.TestCases.Verify_Amazon_CommonFunctionalities.TC_ValidateHomePage(Verify_Amazon_CommonFunctionalities.java:22)
at sun.reflect.NativeMethodAccessorImpl.invoke0(Native Method)
at sun.reflect.NativeMethodAccessorImpl.invoke(NativeMethodAccessorImpl.java:62)
at sun.reflect.DelegatingMethodAccessorImpl.invoke(DelegatingMethodAccessorImpl.java:43)
at java.lang.reflect.Method.invoke(Method.java:498)
at org.testng.internal.invokers.MethodInvocationHelper.invokeMethod(MethodInvocationHelper.java:135)
at org.testng.internal.invokers.TestInvoker.invokeMethod(TestInvoker.java:673)
at org.testng.internal.invokers.TestInvoker.invokeTestMethod(TestInvoker.java:220)
at org.testng.internal.invokers.MethodRunner.runInSequence(MethodRunner.java:50)
at org.testng.internal.invokers.TestInvoker$MethodInvocationAgent.invoke(TestInvoker.java:945)
at org.testng.internal.invokers.TestInvoker.invokeTestMethods(TestInvoker.java:193)
at org.testng.internal.invokers.TestMethodWorker.invokeTestMethods(TestMethodWorker.java:146)
at org.testng.internal.invokers.TestMethodWorker.run(TestMethodWorker.java:128)
at java.util.ArrayList.forEach(ArrayList.java:1259)
at org.testng.TestRunner.privateRun(TestRunner.java:808)
at org.testng.TestRunner.run(TestRunner.java:603)
at org.testng.SuiteRunner.runTest(SuiteRunner.java:429)
at org.testng.SuiteRunner.runSequentially(SuiteRunner.java:423)
at org.testng.SuiteRunner.privateRun(SuiteRunner.java:383)
at org.testng.SuiteRunner.run(SuiteRunner.java:326)
at org.testng.SuiteRunnerWorker.runSuite(SuiteRunnerWorker.java:52)
at org.testng.SuiteRunnerWorker.run(SuiteRunnerWorker.java:95)
at org.testng.TestNG.runSuitesSequentially(TestNG.java:1249)
at org.testng.TestNG.runSuitesLocally(TestNG.java:1169)
at org.testng.TestNG.runSuites(TestNG.java:1092)
at org.testng.TestNG.run(TestNG.java:1060)
at org.apache.maven.surefire.testng.TestNGExecutor.run(TestNGExecutor.java:324)
at org.apache.maven.surefire.testng.TestNGXmlTestSuite.execute(TestNGXmlTestSuite.java:74)
at org.apache.maven.surefire.testng.TestNGProvider.invoke(TestNGProvider.java:123)
at org.apache.maven.surefire.booter.ForkedBooter.runSuitesInProcess(ForkedBooter.java:456)
at org.apache.maven.surefire.booter.ForkedBooter.execute(ForkedBooter.java:169)
at org.apache.maven.surefire.booter.ForkedBooter.run(ForkedBooter.java:595)
at org.apache.maven.surefire.booter.ForkedBooter.main(ForkedBooter.java:581)
]]>
            </full-stacktrace>
          </exception> <!-- org.openqa.selenium.NoSuchElementException -->
          <reporter-output>
          </reporter-output>
        </test-method> <!-- TC_ValidateHomePage -->
        <test-method status="PASS" signature="CreateInstance(java.lang.reflect.Method)[pri:0, instance:in.amazon.nagpselenium.TestCases.Verify_Amazon_CommonFunctionalities@32eebfca]" name="CreateInstance" is-config="true" duration-ms="3" started-at="2022-06-14T12:11:49 IST" finished-at="2022-06-14T12:11:49 IST">
          <params>
            <param index="0">
              <value>
                <![CDATA[public void in.amazon.nagpselenium.TestCases.Verify_Amazon_CommonFunctionalities.TC_VeriyCustomerService()]]>
              </value>
            </param>
          </params>
          <reporter-output>
          </reporter-output>
        </test-method> <!-- CreateInstance -->
        <test-method status="FAIL" signature="TC_VeriyCustomerService()[pri:1, instance:in.amazon.nagpselenium.TestCases.Verify_Amazon_CommonFunctionalities@32eebfca]" name="TC_VeriyCustomerService" duration-ms="17" started-at="2022-06-14T12:11:49 IST" description="Verify Help - Amazon Customer Service page." finished-at="2022-06-14T12:11:49 IST">
          <exception class="org.openqa.selenium.NoSuchElementException">
            <message>
              <![CDATA[no such element: Unable to locate element: {"method":"css selector","selector":"#nav\-hamburger\-menu"}
  (Session info: chrome=102.0.5005.115)
For documentation on this error, please visit: https://selenium.dev/exceptions/#no_such_element
Build info: version: '4.1.4', revision: '535d840ee2'
System info: host: 'SAROJCHANDRA-01', ip: '172.20.10.2', os.name: 'Windows 10', os.arch: 'amd64', os.version: '10.0', java.version: '1.8.0_281'
Driver info: org.openqa.selenium.chrome.ChromeDriver
Command: [3402c080eb50e74da4106494c6f67475, findElement {using=id, value=nav-hamburger-menu}]
Capabilities {acceptInsecureCerts: false, browserName: chrome, browserVersion: 102.0.5005.115, chrome: {chromedriverVersion: 102.0.5005.61 (0e59bcc00cc4..., userDataDir: C:\Users\SAROJC~1\AppData\L...}, goog:chromeOptions: {debuggerAddress: localhost:54238}, javascriptEnabled: true, networkConnectionEnabled: false, pageLoadStrategy: normal, platform: WINDOWS, platformName: WINDOWS, proxy: Proxy(), se:cdp: ws://localhost:54238/devtoo..., se:cdpVersion: 102.0.5005.115, setWindowRect: true, strictFileInteractability: false, timeouts: {implicit: 0, pageLoad: 300000, script: 30000}, unhandledPromptBehavior: dismiss and notify, webauthn:extension:credBlob: true, webauthn:extension:largeBlob: true, webauthn:virtualAuthenticators: true}
Session ID: 3402c080eb50e74da4106494c6f67475]]>
            </message>
            <full-stacktrace>
              <![CDATA[org.openqa.selenium.NoSuchElementException: no such element: Unable to locate element: {"method":"css selector","selector":"#nav\-hamburger\-menu"}
  (Session info: chrome=102.0.5005.115)
For documentation on this error, please visit: https://selenium.dev/exceptions/#no_such_element
Build info: version: '4.1.4', revision: '535d840ee2'
System info: host: 'SAROJCHANDRA-01', ip: '172.20.10.2', os.name: 'Windows 10', os.arch: 'amd64', os.version: '10.0', java.version: '1.8.0_281'
Driver info: org.openqa.selenium.chrome.ChromeDriver
Command: [3402c080eb50e74da4106494c6f67475, findElement {using=id, value=nav-hamburger-menu}]
Capabilities {acceptInsecureCerts: false, browserName: chrome, browserVersion: 102.0.5005.115, chrome: {chromedriverVersion: 102.0.5005.61 (0e59bcc00cc4..., userDataDir: C:\Users\SAROJC~1\AppData\L...}, goog:chromeOptions: {debuggerAddress: localhost:54238}, javascriptEnabled: true, networkConnectionEnabled: false, pageLoadStrategy: normal, platform: WINDOWS, platformName: WINDOWS, proxy: Proxy(), se:cdp: ws://localhost:54238/devtoo..., se:cdpVersion: 102.0.5005.115, setWindowRect: true, strictFileInteractability: false, timeouts: {implicit: 0, pageLoad: 300000, script: 30000}, unhandledPromptBehavior: dismiss and notify, webauthn:extension:credBlob: true, webauthn:extension:largeBlob: true, webauthn:virtualAuthenticators: true}
Session ID: 3402c080eb50e74da4106494c6f67475
at sun.reflect.NativeConstructorAccessorImpl.newInstance0(Native Method)
at sun.reflect.NativeConstructorAccessorImpl.newInstance(NativeConstructorAccessorImpl.java:62)
at sun.reflect.DelegatingConstructorAccessorImpl.newInstance(DelegatingConstructorAccessorImpl.java:45)
at java.lang.reflect.Constructor.newInstance(Constructor.java:423)
at org.openqa.selenium.remote.codec.w3c.W3CHttpResponseCodec.createException(W3CHttpResponseCodec.java:200)
at org.openqa.selenium.remote.codec.w3c.W3CHttpResponseCodec.decode(W3CHttpResponseCodec.java:133)
at org.openqa.selenium.remote.codec.w3c.W3CHttpResponseCodec.decode(W3CHttpResponseCodec.java:53)
at org.openqa.selenium.remote.HttpCommandExecutor.execute(HttpCommandExecutor.java:184)
at org.openqa.selenium.remote.service.DriverCommandExecutor.invokeExecute(DriverCommandExecutor.java:167)
at org.openqa.selenium.remote.service.DriverCommandExecutor.execute(DriverCommandExecutor.java:142)
at org.openqa.selenium.remote.RemoteWebDriver.execute(RemoteWebDriver.java:567)
at org.openqa.selenium.remote.ElementLocation$ElementFinder$2.findElement(ElementLocation.java:162)
at org.openqa.selenium.remote.ElementLocation.findElement(ElementLocation.java:60)
at org.openqa.selenium.remote.RemoteWebDriver.findElement(RemoteWebDriver.java:385)
at org.openqa.selenium.remote.RemoteWebDriver.findElement(RemoteWebDriver.java:377)
at org.openqa.selenium.support.pagefactory.DefaultElementLocator.findElement(DefaultElementLocator.java:70)
at org.openqa.selenium.support.pagefactory.internal.LocatingElementHandler.invoke(LocatingElementHandler.java:39)
at com.sun.proxy.$Proxy32.click(Unknown Source)
at in.amazon.nagpselenium.pages.cutomerService.navigateToCustomerService(cutomerService.java:41)
at in.amazon.nagpselenium.TestCases.Verify_Amazon_CommonFunctionalities.TC_VeriyCustomerService(Verify_Amazon_CommonFunctionalities.java:36)
at sun.reflect.NativeMethodAccessorImpl.invoke0(Native Method)
at sun.reflect.NativeMethodAccessorImpl.invoke(NativeMethodAccessorImpl.java:62)
at sun.reflect.DelegatingMethodAccessorImpl.invoke(DelegatingMethodAccessorImpl.java:43)
at java.lang.reflect.Method.invoke(Method.java:498)
at org.testng.internal.invokers.MethodInvocationHelper.invokeMethod(MethodInvocationHelper.java:135)
at org.testng.internal.invokers.TestInvoker.invokeMethod(TestInvoker.java:673)
at org.testng.internal.invokers.TestInvoker.invokeTestMethod(TestInvoker.java:220)
at org.testng.internal.invokers.MethodRunner.runInSequence(MethodRunner.java:50)
at org.testng.internal.invokers.TestInvoker$MethodInvocationAgent.invoke(TestInvoker.java:945)
at org.testng.internal.invokers.TestInvoker.invokeTestMethods(TestInvoker.java:193)
at org.testng.internal.invokers.TestMethodWorker.invokeTestMethods(TestMethodWorker.java:146)
at org.testng.internal.invokers.TestMethodWorker.run(TestMethodWorker.java:128)
at java.util.ArrayList.forEach(ArrayList.java:1259)
at org.testng.TestRunner.privateRun(TestRunner.java:808)
at org.testng.TestRunner.run(TestRunner.java:603)
at org.testng.SuiteRunner.runTest(SuiteRunner.java:429)
at org.testng.SuiteRunner.runSequentially(SuiteRunner.java:423)
at org.testng.SuiteRunner.privateRun(SuiteRunner.java:383)
at org.testng.SuiteRunner.run(SuiteRunner.java:326)
at org.testng.SuiteRunnerWorker.runSuite(SuiteRunnerWorker.java:52)
at org.testng.SuiteRunnerWorker.run(SuiteRunnerWorker.java:95)
at org.testng.TestNG.runSuitesSequentially(TestNG.java:1249)
at org.testng.TestNG.runSuitesLocally(TestNG.java:1169)
at org.testng.TestNG.runSuites(TestNG.java:1092)
at org.testng.TestNG.run(TestNG.java:1060)
at org.apache.maven.surefire.testng.TestNGExecutor.run(TestNGExecutor.java:324)
at org.apache.maven.surefire.testng.TestNGXmlTestSuite.execute(TestNGXmlTestSuite.java:74)
at org.apache.maven.surefire.testng.TestNGProvider.invoke(TestNGProvider.java:123)
at org.apache.maven.surefire.booter.ForkedBooter.runSuitesInProcess(ForkedBooter.java:456)
at org.apache.maven.surefire.booter.ForkedBooter.execute(ForkedBooter.java:169)
at org.apache.maven.surefire.booter.ForkedBooter.run(ForkedBooter.java:595)
at org.apache.maven.surefire.booter.ForkedBooter.main(ForkedBooter.java:581)
]]>
            </full-stacktrace>
          </exception> <!-- org.openqa.selenium.NoSuchElementException -->
          <reporter-output>
          </reporter-output>
        </test-method> <!-- TC_VeriyCustomerService -->
        <test-method status="PASS" signature="CreateInstance(java.lang.reflect.Method)[pri:0, instance:in.amazon.nagpselenium.TestCases.Verify_Amazon_CommonFunctionalities@32eebfca]" name="CreateInstance" is-config="true" duration-ms="11" started-at="2022-06-14T12:11:53 IST" finished-at="2022-06-14T12:11:53 IST">
          <params>
            <param index="0">
              <value>
                <![CDATA[public void in.amazon.nagpselenium.TestCases.Verify_Amazon_CommonFunctionalities.TC_SetDeliveryTo_ZipCode_Location()]]>
              </value>
            </param>
          </params>
          <reporter-output>
          </reporter-output>
        </test-method> <!-- CreateInstance -->
        <test-method status="FAIL" signature="TC_SetDeliveryTo_ZipCode_Location()[pri:2, instance:in.amazon.nagpselenium.TestCases.Verify_Amazon_CommonFunctionalities@32eebfca]" name="TC_SetDeliveryTo_ZipCode_Location" duration-ms="27" started-at="2022-06-14T12:11:53 IST" description="Setting delivery zip/post code and verifying city." finished-at="2022-06-14T12:11:53 IST">
          <exception class="org.openqa.selenium.NoSuchElementException">
            <message>
              <![CDATA[no such element: Unable to locate element: {"method":"css selector","selector":"#nav\-global\-location\-popover\-link"}
  (Session info: chrome=102.0.5005.115)
For documentation on this error, please visit: https://selenium.dev/exceptions/#no_such_element
Build info: version: '4.1.4', revision: '535d840ee2'
System info: host: 'SAROJCHANDRA-01', ip: '172.20.10.2', os.name: 'Windows 10', os.arch: 'amd64', os.version: '10.0', java.version: '1.8.0_281'
Driver info: org.openqa.selenium.chrome.ChromeDriver
Command: [3402c080eb50e74da4106494c6f67475, findElement {using=id, value=nav-global-location-popover-link}]
Capabilities {acceptInsecureCerts: false, browserName: chrome, browserVersion: 102.0.5005.115, chrome: {chromedriverVersion: 102.0.5005.61 (0e59bcc00cc4..., userDataDir: C:\Users\SAROJC~1\AppData\L...}, goog:chromeOptions: {debuggerAddress: localhost:54238}, javascriptEnabled: true, networkConnectionEnabled: false, pageLoadStrategy: normal, platform: WINDOWS, platformName: WINDOWS, proxy: Proxy(), se:cdp: ws://localhost:54238/devtoo..., se:cdpVersion: 102.0.5005.115, setWindowRect: true, strictFileInteractability: false, timeouts: {implicit: 0, pageLoad: 300000, script: 30000}, unhandledPromptBehavior: dismiss and notify, webauthn:extension:credBlob: true, webauthn:extension:largeBlob: true, webauthn:virtualAuthenticators: true}
Session ID: 3402c080eb50e74da4106494c6f67475]]>
            </message>
            <full-stacktrace>
              <![CDATA[org.openqa.selenium.NoSuchElementException: no such element: Unable to locate element: {"method":"css selector","selector":"#nav\-global\-location\-popover\-link"}
  (Session info: chrome=102.0.5005.115)
For documentation on this error, please visit: https://selenium.dev/exceptions/#no_such_element
Build info: version: '4.1.4', revision: '535d840ee2'
System info: host: 'SAROJCHANDRA-01', ip: '172.20.10.2', os.name: 'Windows 10', os.arch: 'amd64', os.version: '10.0', java.version: '1.8.0_281'
Driver info: org.openqa.selenium.chrome.ChromeDriver
Command: [3402c080eb50e74da4106494c6f67475, findElement {using=id, value=nav-global-location-popover-link}]
Capabilities {acceptInsecureCerts: false, browserName: chrome, browserVersion: 102.0.5005.115, chrome: {chromedriverVersion: 102.0.5005.61 (0e59bcc00cc4..., userDataDir: C:\Users\SAROJC~1\AppData\L...}, goog:chromeOptions: {debuggerAddress: localhost:54238}, javascriptEnabled: true, networkConnectionEnabled: false, pageLoadStrategy: normal, platform: WINDOWS, platformName: WINDOWS, proxy: Proxy(), se:cdp: ws://localhost:54238/devtoo..., se:cdpVersion: 102.0.5005.115, setWindowRect: true, strictFileInteractability: false, timeouts: {implicit: 0, pageLoad: 300000, script: 30000}, unhandledPromptBehavior: dismiss and notify, webauthn:extension:credBlob: true, webauthn:extension:largeBlob: true, webauthn:virtualAuthenticators: true}
Session ID: 3402c080eb50e74da4106494c6f67475
at sun.reflect.NativeConstructorAccessorImpl.newInstance0(Native Method)
at sun.reflect.NativeConstructorAccessorImpl.newInstance(NativeConstructorAccessorImpl.java:62)
at sun.reflect.DelegatingConstructorAccessorImpl.newInstance(DelegatingConstructorAccessorImpl.java:45)
at java.lang.reflect.Constructor.newInstance(Constructor.java:423)
at org.openqa.selenium.remote.codec.w3c.W3CHttpResponseCodec.createException(W3CHttpResponseCodec.java:200)
at org.openqa.selenium.remote.codec.w3c.W3CHttpResponseCodec.decode(W3CHttpResponseCodec.java:133)
at org.openqa.selenium.remote.codec.w3c.W3CHttpResponseCodec.decode(W3CHttpResponseCodec.java:53)
at org.openqa.selenium.remote.HttpCommandExecutor.execute(HttpCommandExecutor.java:184)
at org.openqa.selenium.remote.service.DriverCommandExecutor.invokeExecute(DriverCommandExecutor.java:167)
at org.openqa.selenium.remote.service.DriverCommandExecutor.execute(DriverCommandExecutor.java:142)
at org.openqa.selenium.remote.RemoteWebDriver.execute(RemoteWebDriver.java:567)
at org.openqa.selenium.remote.ElementLocation$ElementFinder$2.findElement(ElementLocation.java:162)
at org.openqa.selenium.remote.ElementLocation.findElement(ElementLocation.java:60)
at org.openqa.selenium.remote.RemoteWebDriver.findElement(RemoteWebDriver.java:385)
at org.openqa.selenium.remote.RemoteWebDriver.findElement(RemoteWebDriver.java:377)
at org.openqa.selenium.support.pagefactory.DefaultElementLocator.findElement(DefaultElementLocator.java:70)
at org.openqa.selenium.support.pagefactory.internal.LocatingElementHandler.invoke(LocatingElementHandler.java:39)
at com.sun.proxy.$Proxy32.click(Unknown Source)
at in.amazon.nagpselenium.pages.deliveryAddress.setDeliveryZipCode(deliveryAddress.java:44)
at in.amazon.nagpselenium.TestCases.Verify_Amazon_CommonFunctionalities.TC_SetDeliveryTo_ZipCode_Location(Verify_Amazon_CommonFunctionalities.java:42)
at sun.reflect.NativeMethodAccessorImpl.invoke0(Native Method)
at sun.reflect.NativeMethodAccessorImpl.invoke(NativeMethodAccessorImpl.java:62)
at sun.reflect.DelegatingMethodAccessorImpl.invoke(DelegatingMethodAccessorImpl.java:43)
at java.lang.reflect.Method.invoke(Method.java:498)
at org.testng.internal.invokers.MethodInvocationHelper.invokeMethod(MethodInvocationHelper.java:135)
at org.testng.internal.invokers.TestInvoker.invokeMethod(TestInvoker.java:673)
at org.testng.internal.invokers.TestInvoker.invokeTestMethod(TestInvoker.java:220)
at org.testng.internal.invokers.MethodRunner.runInSequence(MethodRunner.java:50)
at org.testng.internal.invokers.TestInvoker$MethodInvocationAgent.invoke(TestInvoker.java:945)
at org.testng.internal.invokers.TestInvoker.invokeTestMethods(TestInvoker.java:193)
at org.testng.internal.invokers.TestMethodWorker.invokeTestMethods(TestMethodWorker.java:146)
at org.testng.internal.invokers.TestMethodWorker.run(TestMethodWorker.java:128)
at java.util.ArrayList.forEach(ArrayList.java:1259)
at org.testng.TestRunner.privateRun(TestRunner.java:808)
at org.testng.TestRunner.run(TestRunner.java:603)
at org.testng.SuiteRunner.runTest(SuiteRunner.java:429)
at org.testng.SuiteRunner.runSequentially(SuiteRunner.java:423)
at org.testng.SuiteRunner.privateRun(SuiteRunner.java:383)
at org.testng.SuiteRunner.run(SuiteRunner.java:326)
at org.testng.SuiteRunnerWorker.runSuite(SuiteRunnerWorker.java:52)
at org.testng.SuiteRunnerWorker.run(SuiteRunnerWorker.java:95)
at org.testng.TestNG.runSuitesSequentially(TestNG.java:1249)
at org.testng.TestNG.runSuitesLocally(TestNG.java:1169)
at org.testng.TestNG.runSuites(TestNG.java:1092)
at org.testng.TestNG.run(TestNG.java:1060)
at org.apache.maven.surefire.testng.TestNGExecutor.run(TestNGExecutor.java:324)
at org.apache.maven.surefire.testng.TestNGXmlTestSuite.execute(TestNGXmlTestSuite.java:74)
at org.apache.maven.surefire.testng.TestNGProvider.invoke(TestNGProvider.java:123)
at org.apache.maven.surefire.booter.ForkedBooter.runSuitesInProcess(ForkedBooter.java:456)
at org.apache.maven.surefire.booter.ForkedBooter.execute(ForkedBooter.java:169)
at org.apache.maven.surefire.booter.ForkedBooter.run(ForkedBooter.java:595)
at org.apache.maven.surefire.booter.ForkedBooter.main(ForkedBooter.java:581)
]]>
            </full-stacktrace>
          </exception> <!-- org.openqa.selenium.NoSuchElementException -->
          <reporter-output>
          </reporter-output>
        </test-method> <!-- TC_SetDeliveryTo_ZipCode_Location -->
        <test-method status="PASS" signature="Finish()[pri:0, instance:in.amazon.nagpselenium.TestCases.Verify_Amazon_CommonFunctionalities@32eebfca]" name="Finish" is-config="true" duration-ms="1156" started-at="2022-06-14T12:15:10 IST" finished-at="2022-06-14T12:15:12 IST">
          <reporter-output>
          </reporter-output>
        </test-method> <!-- Finish -->
        <test-method status="PASS" signature="CloseInstance()[pri:0, instance:in.amazon.nagpselenium.TestCases.Verify_Amazon_CommonFunctionalities@32eebfca]" name="CloseInstance" is-config="true" duration-ms="0" started-at="2022-06-14T12:15:13 IST" finished-at="2022-06-14T12:15:13 IST">
          <reporter-output>
          </reporter-output>
        </test-method> <!-- CloseInstance -->
      </class> <!-- in.amazon.nagpselenium.TestCases.Verify_Amazon_CommonFunctionalities -->
      <class name="in.amazon.nagpselenium.TestCases.Verify_AmazonPrime">
        <test-method status="PASS" signature="Initialize(java.lang.String)[pri:0, instance:in.amazon.nagpselenium.TestCases.Verify_AmazonPrime@1fc2b765]" name="Initialize" is-config="true" duration-ms="2237" started-at="2022-06-14T12:13:04 IST" finished-at="2022-06-14T12:13:06 IST">
          <params>
            <param index="0">
              <value>
                <![CDATA[Chrome]]>
              </value>
            </param>
          </params>
          <reporter-output>
          </reporter-output>
        </test-method> <!-- Initialize -->
        <test-method status="PASS" signature="CreateInstance(java.lang.reflect.Method)[pri:0, instance:in.amazon.nagpselenium.TestCases.Verify_AmazonPrime@1fc2b765]" name="CreateInstance" is-config="true" duration-ms="11" started-at="2022-06-14T12:13:06 IST" finished-at="2022-06-14T12:13:06 IST">
          <params>
            <param index="0">
              <value>
                <![CDATA[public void in.amazon.nagpselenium.TestCases.Verify_AmazonPrime.TC_VerifyPrimeMembership()]]>
              </value>
            </param>
          </params>
          <reporter-output>
          </reporter-output>
        </test-method> <!-- CreateInstance -->
        <test-method status="FAIL" signature="TC_VerifyPrimeMembership()[pri:0, instance:in.amazon.nagpselenium.TestCases.Verify_AmazonPrime@1fc2b765]" name="TC_VerifyPrimeMembership" duration-ms="90606" started-at="2022-06-14T12:13:06 IST" description="Verify Join/login to prime membership option on Prime page." finished-at="2022-06-14T12:14:37 IST">
          <exception class="org.openqa.selenium.TimeoutException">
            <message>
              <![CDATA[Expected condition failed: waiting for visibility of Proxy element for: DefaultElementLocator 'By.id: nav-link-prime' (tried for 60 second(s) with 500 milliseconds interval)]]>
            </message>
            <full-stacktrace>
              <![CDATA[org.openqa.selenium.TimeoutException: Expected condition failed: waiting for visibility of Proxy element for: DefaultElementLocator 'By.id: nav-link-prime' (tried for 60 second(s) with 500 milliseconds interval)
at org.openqa.selenium.support.ui.WebDriverWait.timeoutException(WebDriverWait.java:87)
at org.openqa.selenium.support.ui.FluentWait.until(FluentWait.java:231)
at in.amazon.nagpselenium.common.util.Base.Wait(Base.java:116)
at in.amazon.nagpselenium.pages.prime.verifyPrimeMembershipPage(prime.java:45)
at in.amazon.nagpselenium.TestCases.Verify_AmazonPrime.TC_VerifyPrimeMembership(Verify_AmazonPrime.java:20)
at sun.reflect.NativeMethodAccessorImpl.invoke0(Native Method)
at sun.reflect.NativeMethodAccessorImpl.invoke(NativeMethodAccessorImpl.java:62)
at sun.reflect.DelegatingMethodAccessorImpl.invoke(DelegatingMethodAccessorImpl.java:43)
at java.lang.reflect.Method.invoke(Method.java:498)
at org.testng.internal.invokers.MethodInvocationHelper.invokeMethod(MethodInvocationHelper.java:135)
at org.testng.internal.invokers.TestInvoker.invokeMethod(TestInvoker.java:673)
at org.testng.internal.invokers.TestInvoker.invokeTestMethod(TestInvoker.java:220)
at org.testng.internal.invokers.MethodRunner.runInSequence(MethodRunner.java:50)
at org.testng.internal.invokers.TestInvoker$MethodInvocationAgent.invoke(TestInvoker.java:945)
at org.testng.internal.invokers.TestInvoker.invokeTestMethods(TestInvoker.java:193)
at org.testng.internal.invokers.TestMethodWorker.invokeTestMethods(TestMethodWorker.java:146)
at org.testng.internal.invokers.TestMethodWorker.run(TestMethodWorker.java:128)
at java.util.ArrayList.forEach(ArrayList.java:1259)
at org.testng.TestRunner.privateRun(TestRunner.java:808)
at org.testng.TestRunner.run(TestRunner.java:603)
at org.testng.SuiteRunner.runTest(SuiteRunner.java:429)
at org.testng.SuiteRunner.runSequentially(SuiteRunner.java:423)
at org.testng.SuiteRunner.privateRun(SuiteRunner.java:383)
at org.testng.SuiteRunner.run(SuiteRunner.java:326)
at org.testng.SuiteRunnerWorker.runSuite(SuiteRunnerWorker.java:52)
at org.testng.SuiteRunnerWorker.run(SuiteRunnerWorker.java:95)
at org.testng.TestNG.runSuitesSequentially(TestNG.java:1249)
at org.testng.TestNG.runSuitesLocally(TestNG.java:1169)
at org.testng.TestNG.runSuites(TestNG.java:1092)
at org.testng.TestNG.run(TestNG.java:1060)
at org.apache.maven.surefire.testng.TestNGExecutor.run(TestNGExecutor.java:324)
at org.apache.maven.surefire.testng.TestNGXmlTestSuite.execute(TestNGXmlTestSuite.java:74)
at org.apache.maven.surefire.testng.TestNGProvider.invoke(TestNGProvider.java:123)
at org.apache.maven.surefire.booter.ForkedBooter.runSuitesInProcess(ForkedBooter.java:456)
at org.apache.maven.surefire.booter.ForkedBooter.execute(ForkedBooter.java:169)
at org.apache.maven.surefire.booter.ForkedBooter.run(ForkedBooter.java:595)
at org.apache.maven.surefire.booter.ForkedBooter.main(ForkedBooter.java:581)
Caused by: org.openqa.selenium.NoSuchElementException: no such element: Unable to locate element: {"method":"css selector","selector":"#nav\-link\-prime"}
  (Session info: chrome=102.0.5005.115)
For documentation on this error, please visit: https://selenium.dev/exceptions/#no_such_element
Build info: version: '4.1.4', revision: '535d840ee2'
System info: host: 'SAROJCHANDRA-01', ip: '172.20.10.2', os.name: 'Windows 10', os.arch: 'amd64', os.version: '10.0', java.version: '1.8.0_281'
Driver info: org.openqa.selenium.chrome.ChromeDriver
Command: [3402c080eb50e74da4106494c6f67475, findElement {using=id, value=nav-link-prime}]
Capabilities {acceptInsecureCerts: false, browserName: chrome, browserVersion: 102.0.5005.115, chrome: {chromedriverVersion: 102.0.5005.61 (0e59bcc00cc4..., userDataDir: C:\Users\SAROJC~1\AppData\L...}, goog:chromeOptions: {debuggerAddress: localhost:54238}, javascriptEnabled: true, networkConnectionEnabled: false, pageLoadStrategy: normal, platform: WINDOWS, platformName: WINDOWS, proxy: Proxy(), se:cdp: ws://localhost:54238/devtoo..., se:cdpVersion: 102.0.5005.115, setWindowRect: true, strictFileInteractability: false, timeouts: {implicit: 0, pageLoad: 300000, script: 30000}, unhandledPromptBehavior: dismiss and notify, webauthn:extension:credBlob: true, webauthn:extension:largeBlob: true, webauthn:virtualAuthenticators: true}
Session ID: 3402c080eb50e74da4106494c6f67475
at sun.reflect.NativeConstructorAccessorImpl.newInstance0(Native Method)
at sun.reflect.NativeConstructorAccessorImpl.newInstance(NativeConstructorAccessorImpl.java:62)
at sun.reflect.DelegatingConstructorAccessorImpl.newInstance(DelegatingConstructorAccessorImpl.java:45)
at java.lang.reflect.Constructor.newInstance(Constructor.java:423)
at org.openqa.selenium.remote.codec.w3c.W3CHttpResponseCodec.createException(W3CHttpResponseCodec.java:200)
at org.openqa.selenium.remote.codec.w3c.W3CHttpResponseCodec.decode(W3CHttpResponseCodec.java:133)
at org.openqa.selenium.remote.codec.w3c.W3CHttpResponseCodec.decode(W3CHttpResponseCodec.java:53)
at org.openqa.selenium.remote.HttpCommandExecutor.execute(HttpCommandExecutor.java:184)
at org.openqa.selenium.remote.service.DriverCommandExecutor.invokeExecute(DriverCommandExecutor.java:167)
at org.openqa.selenium.remote.service.DriverCommandExecutor.execute(DriverCommandExecutor.java:142)
at org.openqa.selenium.remote.RemoteWebDriver.execute(RemoteWebDriver.java:567)
at org.openqa.selenium.remote.ElementLocation$ElementFinder$2.findElement(ElementLocation.java:162)
at org.openqa.selenium.remote.ElementLocation.findElement(ElementLocation.java:60)
at org.openqa.selenium.remote.RemoteWebDriver.findElement(RemoteWebDriver.java:385)
at org.openqa.selenium.remote.RemoteWebDriver.findElement(RemoteWebDriver.java:377)
at org.openqa.selenium.support.pagefactory.DefaultElementLocator.findElement(DefaultElementLocator.java:70)
at org.openqa.selenium.support.pagefactory.internal.LocatingElementHandler.invoke(LocatingElementHandler.java:39)
at com.sun.proxy.$Proxy32.isDisplayed(Unknown Source)
at org.openqa.selenium.support.ui.ExpectedConditions.elementIfVisible(ExpectedConditions.java:307)
at org.openqa.selenium.support.ui.ExpectedConditions.access$000(ExpectedConditions.java:40)
at org.openqa.selenium.support.ui.ExpectedConditions$10.apply(ExpectedConditions.java:293)
at org.openqa.selenium.support.ui.ExpectedConditions$10.apply(ExpectedConditions.java:290)
at org.openqa.selenium.support.ui.FluentWait.until(FluentWait.java:208)
... 35 more
]]>
            </full-stacktrace>
          </exception> <!-- org.openqa.selenium.TimeoutException -->
          <reporter-output>
          </reporter-output>
        </test-method> <!-- TC_VerifyPrimeMembership -->
      </class> <!-- in.amazon.nagpselenium.TestCases.Verify_AmazonPrime -->
    </test> <!-- RunOnChrome -->
  </suite> <!-- SuiteForChrome -->
</testng-results>
