<?xml version="1.0" encoding="UTF-8"?>
<testng-results ignored="4" total="7" passed="1" failed="2" skipped="0">
  <reporter-output>
  </reporter-output>
  <suite started-at="2022-11-07T17:21:07 IST" name="Suite" finished-at="2022-11-07T17:21:33 IST" duration-ms="26606">
    <groups>
      <group name="Chrome">
        <method signature="TC1_VerifyTVStoreIsDisplayed.TC_verifyTvStore(java.lang.reflect.Method)[pri:1, instance:in.amazon.nagpselenium.TestCases.TC1_VerifyTVStoreIsDisplayed@506ae4d4]" name="TC_verifyTvStore" class="in.amazon.nagpselenium.TestCases.TC1_VerifyTVStoreIsDisplayed"/>
        <method signature="TC3_AddedToCart_Message.TC_AddedToCart(java.lang.reflect.Method)[pri:1, instance:in.amazon.nagpselenium.TestCases.TC3_AddedToCart_Message@73e9cf30]" name="TC_AddedToCart" class="in.amazon.nagpselenium.TestCases.TC3_AddedToCart_Message"/>
        <method signature="TC_verify_minimum_discount.TC_verifyMinimuDiscount(java.lang.reflect.Method)[pri:1, instance:in.amazon.nagpselenium.TestCases.TC_verify_minimum_discount@272113c4]" name="TC_verifyMinimuDiscount" class="in.amazon.nagpselenium.TestCases.TC_verify_minimum_discount"/>
      </group> <!-- Chrome -->
    </groups>
    <test started-at="2022-11-07T17:21:07 IST" name="Test" finished-at="2022-11-07T17:21:33 IST" duration-ms="26606">
      <class name="in.amazon.nagpselenium.TestCases.TC_verify_minimum_discount">
        <test-method is-config="true" signature="Initialize(java.lang.String)[pri:0, instance:in.amazon.nagpselenium.TestCases.TC_verify_minimum_discount@272113c4]" started-at="2022-11-07T17:21:27 IST" name="Initialize" finished-at="2022-11-07T17:21:28 IST" duration-ms="1136" status="PASS">
          <params>
            <param index="0">
              <value>
                <![CDATA[Chrome]]>
              </value>
            </param>
          </params>
          <reporter-output>
          </reporter-output>
        </test-method> <!-- Initialize -->
        <test-method is-config="true" signature="CreateInstance(java.lang.reflect.Method)[pri:0, instance:in.amazon.nagpselenium.TestCases.TC_verify_minimum_discount@272113c4]" started-at="2022-11-07T17:21:28 IST" name="CreateInstance" finished-at="2022-11-07T17:21:28 IST" duration-ms="2" status="PASS">
          <params>
            <param index="0">
              <value>
                <![CDATA[public void in.amazon.nagpselenium.TestCases.TC_verify_minimum_discount.TC_verifyMinimuDiscount(java.lang.reflect.Method) throws java.lang.NumberFormatException,java.io.IOException]]>
              </value>
            </param>
          </params>
          <reporter-output>
          </reporter-output>
        </test-method> <!-- CreateInstance -->
        <test-method signature="TC_verifyMinimuDiscount(java.lang.reflect.Method)[pri:1, instance:in.amazon.nagpselenium.TestCases.TC_verify_minimum_discount@272113c4]" started-at="2022-11-07T17:21:28 IST" name="TC_verifyMinimuDiscount" description="minimum discount" finished-at="2022-11-07T17:21:30 IST" duration-ms="2071" status="FAIL">
          <params>
            <param index="0">
              <value>
                <![CDATA[public void in.amazon.nagpselenium.TestCases.TC_verify_minimum_discount.TC_verifyMinimuDiscount(java.lang.reflect.Method) throws java.lang.NumberFormatException,java.io.IOException]]>
              </value>
            </param>
          </params>
          <exception class="org.openqa.selenium.NoSuchElementException">
            <message>
              <![CDATA[no such element: Unable to locate element: {"method":"xpath","selector":"//div[@class='a-column a-span12 apb-browse-left-nav apb-browse-col-pad-right a-span-last']//div[@class='a-section a-spacing-small']/span[text()='Discount']"}
  (Session info: chrome=107.0.5304.88)
For documentation on this error, please visit: https://selenium.dev/exceptions/#no_such_element
Build info: version: '4.1.4', revision: '535d840ee2'
System info: host: 'SAROJCHANDRA-01', ip: '192.168.0.158', os.name: 'Windows 11', os.arch: 'amd64', os.version: '10.0', java.version: '17.0.2'
Driver info: org.openqa.selenium.chrome.ChromeDriver
Command: [d38c25adfa919d6c945b7847df49baad, findElement {using=xpath, value=//div[@class='a-column a-span12 apb-browse-left-nav apb-browse-col-pad-right a-span-last']//div[@class='a-section a-spacing-small']/span[text()='Discount']}]
Capabilities {acceptInsecureCerts: false, browserName: chrome, browserVersion: 107.0.5304.88, chrome: {chromedriverVersion: 107.0.5304.62 (1eec40d3a576..., userDataDir: C:\Users\SAROJC~1\AppData\L...}, goog:chromeOptions: {debuggerAddress: localhost:54318}, javascriptEnabled: true, networkConnectionEnabled: false, pageLoadStrategy: normal, platform: WINDOWS, platformName: WINDOWS, proxy: Proxy(), se:cdp: ws://localhost:54318/devtoo..., se:cdpVersion: 107.0.5304.88, setWindowRect: true, strictFileInteractability: false, timeouts: {implicit: 0, pageLoad: 300000, script: 30000}, unhandledPromptBehavior: dismiss and notify, webauthn:extension:credBlob: true, webauthn:extension:largeBlob: true, webauthn:virtualAuthenticators: true}
Session ID: d38c25adfa919d6c945b7847df49baad]]>
            </message>
            <full-stacktrace>
              <![CDATA[org.openqa.selenium.NoSuchElementException: no such element: Unable to locate element: {"method":"xpath","selector":"//div[@class='a-column a-span12 apb-browse-left-nav apb-browse-col-pad-right a-span-last']//div[@class='a-section a-spacing-small']/span[text()='Discount']"}
  (Session info: chrome=107.0.5304.88)
For documentation on this error, please visit: https://selenium.dev/exceptions/#no_such_element
Build info: version: '4.1.4', revision: '535d840ee2'
System info: host: 'SAROJCHANDRA-01', ip: '192.168.0.158', os.name: 'Windows 11', os.arch: 'amd64', os.version: '10.0', java.version: '17.0.2'
Driver info: org.openqa.selenium.chrome.ChromeDriver
Command: [d38c25adfa919d6c945b7847df49baad, findElement {using=xpath, value=//div[@class='a-column a-span12 apb-browse-left-nav apb-browse-col-pad-right a-span-last']//div[@class='a-section a-spacing-small']/span[text()='Discount']}]
Capabilities {acceptInsecureCerts: false, browserName: chrome, browserVersion: 107.0.5304.88, chrome: {chromedriverVersion: 107.0.5304.62 (1eec40d3a576..., userDataDir: C:\Users\SAROJC~1\AppData\L...}, goog:chromeOptions: {debuggerAddress: localhost:54318}, javascriptEnabled: true, networkConnectionEnabled: false, pageLoadStrategy: normal, platform: WINDOWS, platformName: WINDOWS, proxy: Proxy(), se:cdp: ws://localhost:54318/devtoo..., se:cdpVersion: 107.0.5304.88, setWindowRect: true, strictFileInteractability: false, timeouts: {implicit: 0, pageLoad: 300000, script: 30000}, unhandledPromptBehavior: dismiss and notify, webauthn:extension:credBlob: true, webauthn:extension:largeBlob: true, webauthn:virtualAuthenticators: true}
Session ID: d38c25adfa919d6c945b7847df49baad
at java.base/jdk.internal.reflect.NativeConstructorAccessorImpl.newInstance0(Native Method)
at java.base/jdk.internal.reflect.NativeConstructorAccessorImpl.newInstance(NativeConstructorAccessorImpl.java:77)
at java.base/jdk.internal.reflect.DelegatingConstructorAccessorImpl.newInstance(DelegatingConstructorAccessorImpl.java:45)
at java.base/java.lang.reflect.Constructor.newInstanceWithCaller(Constructor.java:499)
at java.base/java.lang.reflect.Constructor.newInstance(Constructor.java:480)
at org.openqa.selenium.remote.codec.w3c.W3CHttpResponseCodec.createException(W3CHttpResponseCodec.java:200)
at org.openqa.selenium.remote.codec.w3c.W3CHttpResponseCodec.decode(W3CHttpResponseCodec.java:133)
at org.openqa.selenium.remote.codec.w3c.W3CHttpResponseCodec.decode(W3CHttpResponseCodec.java:53)
at org.openqa.selenium.remote.HttpCommandExecutor.execute(HttpCommandExecutor.java:184)
at org.openqa.selenium.remote.service.DriverCommandExecutor.invokeExecute(DriverCommandExecutor.java:167)
at org.openqa.selenium.remote.service.DriverCommandExecutor.execute(DriverCommandExecutor.java:142)
at org.openqa.selenium.remote.RemoteWebDriver.execute(RemoteWebDriver.java:567)
at org.openqa.selenium.remote.ElementLocation$ElementFinder$2.findElement(ElementLocation.java:162)
at org.openqa.selenium.remote.ElementLocation.findElement(ElementLocation.java:60)
at org.openqa.selenium.remote.RemoteWebDriver.findElement(RemoteWebDriver.java:385)
at org.openqa.selenium.remote.RemoteWebDriver.findElement(RemoteWebDriver.java:377)
at org.openqa.selenium.support.pagefactory.DefaultElementLocator.findElement(DefaultElementLocator.java:70)
at org.openqa.selenium.support.pagefactory.internal.LocatingElementHandler.invoke(LocatingElementHandler.java:39)
at jdk.proxy2/jdk.proxy2.$Proxy33.getWrappedElement(Unknown Source)
at org.openqa.selenium.remote.internal.WebElementToJsonConverter.apply(WebElementToJsonConverter.java:51)
at java.base/java.util.stream.ReferencePipeline$3$1.accept(ReferencePipeline.java:197)
at java.base/java.util.Spliterators$ArraySpliterator.forEachRemaining(Spliterators.java:992)
at java.base/java.util.stream.AbstractPipeline.copyInto(AbstractPipeline.java:509)
at java.base/java.util.stream.AbstractPipeline.wrapAndCopyInto(AbstractPipeline.java:499)
at java.base/java.util.stream.ReduceOps$ReduceOp.evaluateSequential(ReduceOps.java:921)
at java.base/java.util.stream.AbstractPipeline.evaluate(AbstractPipeline.java:234)
at java.base/java.util.stream.ReferencePipeline.collect(ReferencePipeline.java:682)
at org.openqa.selenium.remote.RemoteWebDriver.executeScript(RemoteWebDriver.java:498)
at in.amazon.nagpselenium.common.util.Base.ScrollToView(Base.java:130)
at in.amazon.nagpselenium.pages.electronics.clickOnDiscount(electronics.java:66)
at in.amazon.nagpselenium.TestCases.TC_verify_minimum_discount.TC_verifyMinimuDiscount(TC_verify_minimum_discount.java:14)
at java.base/jdk.internal.reflect.NativeMethodAccessorImpl.invoke0(Native Method)
at java.base/jdk.internal.reflect.NativeMethodAccessorImpl.invoke(NativeMethodAccessorImpl.java:77)
at java.base/jdk.internal.reflect.DelegatingMethodAccessorImpl.invoke(DelegatingMethodAccessorImpl.java:43)
at java.base/java.lang.reflect.Method.invoke(Method.java:568)
at org.testng.internal.MethodInvocationHelper.invokeMethod(MethodInvocationHelper.java:133)
at org.testng.internal.TestInvoker.invokeMethod(TestInvoker.java:598)
at org.testng.internal.TestInvoker.invokeTestMethod(TestInvoker.java:173)
at org.testng.internal.MethodRunner.runInSequence(MethodRunner.java:46)
at org.testng.internal.TestInvoker$MethodInvocationAgent.invoke(TestInvoker.java:824)
at org.testng.internal.TestInvoker.invokeTestMethods(TestInvoker.java:146)
at org.testng.internal.TestMethodWorker.invokeTestMethods(TestMethodWorker.java:146)
at org.testng.internal.TestMethodWorker.run(TestMethodWorker.java:128)
at java.base/java.util.ArrayList.forEach(ArrayList.java:1511)
at org.testng.TestRunner.privateRun(TestRunner.java:794)
at org.testng.TestRunner.run(TestRunner.java:596)
at org.testng.SuiteRunner.runTest(SuiteRunner.java:377)
at org.testng.SuiteRunner.runSequentially(SuiteRunner.java:371)
at org.testng.SuiteRunner.privateRun(SuiteRunner.java:332)
at org.testng.SuiteRunner.run(SuiteRunner.java:276)
at org.testng.SuiteRunnerWorker.runSuite(SuiteRunnerWorker.java:53)
at org.testng.SuiteRunnerWorker.run(SuiteRunnerWorker.java:96)
at org.testng.TestNG.runSuitesSequentially(TestNG.java:1212)
at org.testng.TestNG.runSuitesLocally(TestNG.java:1134)
at org.testng.TestNG.runSuites(TestNG.java:1063)
at org.testng.TestNG.run(TestNG.java:1031)
at org.testng.remote.AbstractRemoteTestNG.run(AbstractRemoteTestNG.java:115)
at org.testng.remote.RemoteTestNG.initAndRun(RemoteTestNG.java:251)
at org.testng.remote.RemoteTestNG.main(RemoteTestNG.java:77)
]]>
            </full-stacktrace>
          </exception> <!-- org.openqa.selenium.NoSuchElementException -->
          <reporter-output>
          </reporter-output>
        </test-method> <!-- TC_verifyMinimuDiscount -->
      </class> <!-- in.amazon.nagpselenium.TestCases.TC_verify_minimum_discount -->
      <class name="in.amazon.nagpselenium.TestCases.TC3_AddedToCart_Message">
        <test-method is-config="true" signature="Initialize(java.lang.String)[pri:0, instance:in.amazon.nagpselenium.TestCases.TC3_AddedToCart_Message@73e9cf30]" started-at="2022-11-07T17:21:30 IST" name="Initialize" finished-at="2022-11-07T17:21:31 IST" duration-ms="1129" status="PASS">
          <params>
            <param index="0">
              <value>
                <![CDATA[Chrome]]>
              </value>
            </param>
          </params>
          <reporter-output>
          </reporter-output>
        </test-method> <!-- Initialize -->
        <test-method is-config="true" signature="CreateInstance(java.lang.reflect.Method)[pri:0, instance:in.amazon.nagpselenium.TestCases.TC3_AddedToCart_Message@73e9cf30]" started-at="2022-11-07T17:21:31 IST" name="CreateInstance" finished-at="2022-11-07T17:21:31 IST" duration-ms="0" status="PASS">
          <params>
            <param index="0">
              <value>
                <![CDATA[public void in.amazon.nagpselenium.TestCases.TC3_AddedToCart_Message.TC_AddedToCart(java.lang.reflect.Method) throws java.lang.NumberFormatException,java.io.IOException]]>
              </value>
            </param>
          </params>
          <reporter-output>
          </reporter-output>
        </test-method> <!-- CreateInstance -->
        <test-method signature="TC_AddedToCart(java.lang.reflect.Method)[pri:1, instance:in.amazon.nagpselenium.TestCases.TC3_AddedToCart_Message@73e9cf30]" started-at="2022-11-07T17:21:31 IST" name="TC_AddedToCart" description="Verifying TV store page displayed." finished-at="2022-11-07T17:21:33 IST" duration-ms="2073" status="FAIL">
          <params>
            <param index="0">
              <value>
                <![CDATA[public void in.amazon.nagpselenium.TestCases.TC3_AddedToCart_Message.TC_AddedToCart(java.lang.reflect.Method) throws java.lang.NumberFormatException,java.io.IOException]]>
              </value>
            </param>
          </params>
          <exception class="org.openqa.selenium.NoSuchElementException">
            <message>
              <![CDATA[no such element: Unable to locate element: {"method":"xpath","selector":"//div[@class='a-section a-spacing-small puis-padding-left-small puis-padding-right-small']"}
  (Session info: chrome=107.0.5304.88)
For documentation on this error, please visit: https://selenium.dev/exceptions/#no_such_element
Build info: version: '4.1.4', revision: '535d840ee2'
System info: host: 'SAROJCHANDRA-01', ip: '192.168.0.158', os.name: 'Windows 11', os.arch: 'amd64', os.version: '10.0', java.version: '17.0.2'
Driver info: org.openqa.selenium.chrome.ChromeDriver
Command: [d38c25adfa919d6c945b7847df49baad, findElement {using=xpath, value=//div[@class='a-section a-spacing-small puis-padding-left-small puis-padding-right-small']}]
Capabilities {acceptInsecureCerts: false, browserName: chrome, browserVersion: 107.0.5304.88, chrome: {chromedriverVersion: 107.0.5304.62 (1eec40d3a576..., userDataDir: C:\Users\SAROJC~1\AppData\L...}, goog:chromeOptions: {debuggerAddress: localhost:54318}, javascriptEnabled: true, networkConnectionEnabled: false, pageLoadStrategy: normal, platform: WINDOWS, platformName: WINDOWS, proxy: Proxy(), se:cdp: ws://localhost:54318/devtoo..., se:cdpVersion: 107.0.5304.88, setWindowRect: true, strictFileInteractability: false, timeouts: {implicit: 0, pageLoad: 300000, script: 30000}, unhandledPromptBehavior: dismiss and notify, webauthn:extension:credBlob: true, webauthn:extension:largeBlob: true, webauthn:virtualAuthenticators: true}
Session ID: d38c25adfa919d6c945b7847df49baad]]>
            </message>
            <full-stacktrace>
              <![CDATA[org.openqa.selenium.NoSuchElementException: no such element: Unable to locate element: {"method":"xpath","selector":"//div[@class='a-section a-spacing-small puis-padding-left-small puis-padding-right-small']"}
  (Session info: chrome=107.0.5304.88)
For documentation on this error, please visit: https://selenium.dev/exceptions/#no_such_element
Build info: version: '4.1.4', revision: '535d840ee2'
System info: host: 'SAROJCHANDRA-01', ip: '192.168.0.158', os.name: 'Windows 11', os.arch: 'amd64', os.version: '10.0', java.version: '17.0.2'
Driver info: org.openqa.selenium.chrome.ChromeDriver
Command: [d38c25adfa919d6c945b7847df49baad, findElement {using=xpath, value=//div[@class='a-section a-spacing-small puis-padding-left-small puis-padding-right-small']}]
Capabilities {acceptInsecureCerts: false, browserName: chrome, browserVersion: 107.0.5304.88, chrome: {chromedriverVersion: 107.0.5304.62 (1eec40d3a576..., userDataDir: C:\Users\SAROJC~1\AppData\L...}, goog:chromeOptions: {debuggerAddress: localhost:54318}, javascriptEnabled: true, networkConnectionEnabled: false, pageLoadStrategy: normal, platform: WINDOWS, platformName: WINDOWS, proxy: Proxy(), se:cdp: ws://localhost:54318/devtoo..., se:cdpVersion: 107.0.5304.88, setWindowRect: true, strictFileInteractability: false, timeouts: {implicit: 0, pageLoad: 300000, script: 30000}, unhandledPromptBehavior: dismiss and notify, webauthn:extension:credBlob: true, webauthn:extension:largeBlob: true, webauthn:virtualAuthenticators: true}
Session ID: d38c25adfa919d6c945b7847df49baad
at java.base/jdk.internal.reflect.NativeConstructorAccessorImpl.newInstance0(Native Method)
at java.base/jdk.internal.reflect.NativeConstructorAccessorImpl.newInstance(NativeConstructorAccessorImpl.java:77)
at java.base/jdk.internal.reflect.DelegatingConstructorAccessorImpl.newInstance(DelegatingConstructorAccessorImpl.java:45)
at java.base/java.lang.reflect.Constructor.newInstanceWithCaller(Constructor.java:499)
at java.base/java.lang.reflect.Constructor.newInstance(Constructor.java:480)
at org.openqa.selenium.remote.codec.w3c.W3CHttpResponseCodec.createException(W3CHttpResponseCodec.java:200)
at org.openqa.selenium.remote.codec.w3c.W3CHttpResponseCodec.decode(W3CHttpResponseCodec.java:133)
at org.openqa.selenium.remote.codec.w3c.W3CHttpResponseCodec.decode(W3CHttpResponseCodec.java:53)
at org.openqa.selenium.remote.HttpCommandExecutor.execute(HttpCommandExecutor.java:184)
at org.openqa.selenium.remote.service.DriverCommandExecutor.invokeExecute(DriverCommandExecutor.java:167)
at org.openqa.selenium.remote.service.DriverCommandExecutor.execute(DriverCommandExecutor.java:142)
at org.openqa.selenium.remote.RemoteWebDriver.execute(RemoteWebDriver.java:567)
at org.openqa.selenium.remote.ElementLocation$ElementFinder$2.findElement(ElementLocation.java:162)
at org.openqa.selenium.remote.ElementLocation.findElement(ElementLocation.java:60)
at org.openqa.selenium.remote.RemoteWebDriver.findElement(RemoteWebDriver.java:385)
at org.openqa.selenium.remote.RemoteWebDriver.findElement(RemoteWebDriver.java:377)
at org.openqa.selenium.support.pagefactory.DefaultElementLocator.findElement(DefaultElementLocator.java:70)
at org.openqa.selenium.support.pagefactory.internal.LocatingElementHandler.invoke(LocatingElementHandler.java:39)
at jdk.proxy2/jdk.proxy2.$Proxy33.getWrappedElement(Unknown Source)
at org.openqa.selenium.remote.internal.WebElementToJsonConverter.apply(WebElementToJsonConverter.java:51)
at java.base/java.util.stream.ReferencePipeline$3$1.accept(ReferencePipeline.java:197)
at java.base/java.util.Spliterators$ArraySpliterator.forEachRemaining(Spliterators.java:992)
at java.base/java.util.stream.AbstractPipeline.copyInto(AbstractPipeline.java:509)
at java.base/java.util.stream.AbstractPipeline.wrapAndCopyInto(AbstractPipeline.java:499)
at java.base/java.util.stream.ReduceOps$ReduceOp.evaluateSequential(ReduceOps.java:921)
at java.base/java.util.stream.AbstractPipeline.evaluate(AbstractPipeline.java:234)
at java.base/java.util.stream.ReferencePipeline.collect(ReferencePipeline.java:682)
at org.openqa.selenium.remote.RemoteWebDriver.executeScript(RemoteWebDriver.java:498)
at in.amazon.nagpselenium.common.util.Base.ScrollToView(Base.java:130)
at in.amazon.nagpselenium.pages.electronics.addToCart(electronics.java:76)
at in.amazon.nagpselenium.TestCases.TC3_AddedToCart_Message.TC_AddedToCart(TC3_AddedToCart_Message.java:15)
at java.base/jdk.internal.reflect.NativeMethodAccessorImpl.invoke0(Native Method)
at java.base/jdk.internal.reflect.NativeMethodAccessorImpl.invoke(NativeMethodAccessorImpl.java:77)
at java.base/jdk.internal.reflect.DelegatingMethodAccessorImpl.invoke(DelegatingMethodAccessorImpl.java:43)
at java.base/java.lang.reflect.Method.invoke(Method.java:568)
at org.testng.internal.MethodInvocationHelper.invokeMethod(MethodInvocationHelper.java:133)
at org.testng.internal.TestInvoker.invokeMethod(TestInvoker.java:598)
at org.testng.internal.TestInvoker.invokeTestMethod(TestInvoker.java:173)
at org.testng.internal.MethodRunner.runInSequence(MethodRunner.java:46)
at org.testng.internal.TestInvoker$MethodInvocationAgent.invoke(TestInvoker.java:824)
at org.testng.internal.TestInvoker.invokeTestMethods(TestInvoker.java:146)
at org.testng.internal.TestMethodWorker.invokeTestMethods(TestMethodWorker.java:146)
at org.testng.internal.TestMethodWorker.run(TestMethodWorker.java:128)
at java.base/java.util.ArrayList.forEach(ArrayList.java:1511)
at org.testng.TestRunner.privateRun(TestRunner.java:794)
at org.testng.TestRunner.run(TestRunner.java:596)
at org.testng.SuiteRunner.runTest(SuiteRunner.java:377)
at org.testng.SuiteRunner.runSequentially(SuiteRunner.java:371)
at org.testng.SuiteRunner.privateRun(SuiteRunner.java:332)
at org.testng.SuiteRunner.run(SuiteRunner.java:276)
at org.testng.SuiteRunnerWorker.runSuite(SuiteRunnerWorker.java:53)
at org.testng.SuiteRunnerWorker.run(SuiteRunnerWorker.java:96)
at org.testng.TestNG.runSuitesSequentially(TestNG.java:1212)
at org.testng.TestNG.runSuitesLocally(TestNG.java:1134)
at org.testng.TestNG.runSuites(TestNG.java:1063)
at org.testng.TestNG.run(TestNG.java:1031)
at org.testng.remote.AbstractRemoteTestNG.run(AbstractRemoteTestNG.java:115)
at org.testng.remote.RemoteTestNG.initAndRun(RemoteTestNG.java:251)
at org.testng.remote.RemoteTestNG.main(RemoteTestNG.java:77)
]]>
            </full-stacktrace>
          </exception> <!-- org.openqa.selenium.NoSuchElementException -->
          <reporter-output>
          </reporter-output>
        </test-method> <!-- TC_AddedToCart -->
      </class> <!-- in.amazon.nagpselenium.TestCases.TC3_AddedToCart_Message -->
      <class name="in.amazon.nagpselenium.TestCases.TC1_VerifyTVStoreIsDisplayed">
        <test-method is-config="true" signature="Initialize(java.lang.String)[pri:0, instance:in.amazon.nagpselenium.TestCases.TC1_VerifyTVStoreIsDisplayed@506ae4d4]" started-at="2022-11-07T17:21:07 IST" name="Initialize" finished-at="2022-11-07T17:21:23 IST" duration-ms="16515" status="PASS">
          <params>
            <param index="0">
              <value>
                <![CDATA[Chrome]]>
              </value>
            </param>
          </params>
          <reporter-output>
          </reporter-output>
        </test-method> <!-- Initialize -->
        <test-method is-config="true" signature="CreateInstance(java.lang.reflect.Method)[pri:0, instance:in.amazon.nagpselenium.TestCases.TC1_VerifyTVStoreIsDisplayed@506ae4d4]" started-at="2022-11-07T17:21:23 IST" name="CreateInstance" finished-at="2022-11-07T17:21:23 IST" duration-ms="16" status="PASS">
          <params>
            <param index="0">
              <value>
                <![CDATA[public void in.amazon.nagpselenium.TestCases.TC1_VerifyTVStoreIsDisplayed.TC_verifyTvStore(java.lang.reflect.Method) throws java.lang.NumberFormatException,java.io.IOException]]>
              </value>
            </param>
          </params>
          <reporter-output>
          </reporter-output>
        </test-method> <!-- CreateInstance -->
        <test-method signature="TC_verifyTvStore(java.lang.reflect.Method)[pri:1, instance:in.amazon.nagpselenium.TestCases.TC1_VerifyTVStoreIsDisplayed@506ae4d4]" started-at="2022-11-07T17:21:23 IST" name="TC_verifyTvStore" description="Verifying TV store page displayed." finished-at="2022-11-07T17:21:27 IST" duration-ms="3315" status="PASS">
          <params>
            <param index="0">
              <value>
                <![CDATA[public void in.amazon.nagpselenium.TestCases.TC1_VerifyTVStoreIsDisplayed.TC_verifyTvStore(java.lang.reflect.Method) throws java.lang.NumberFormatException,java.io.IOException]]>
              </value>
            </param>
          </params>
          <reporter-output>
          </reporter-output>
        </test-method> <!-- TC_verifyTvStore -->
        <test-method is-config="true" signature="Finish()[pri:0, instance:in.amazon.nagpselenium.TestCases.TC1_VerifyTVStoreIsDisplayed@506ae4d4]" started-at="2022-11-07T17:21:33 IST" name="Finish" finished-at="2022-11-07T17:21:33 IST" duration-ms="289" status="PASS">
          <reporter-output>
          </reporter-output>
        </test-method> <!-- Finish -->
        <test-method is-config="true" signature="CloseInstance()[pri:0, instance:in.amazon.nagpselenium.TestCases.TC1_VerifyTVStoreIsDisplayed@506ae4d4]" started-at="2022-11-07T17:21:34 IST" name="CloseInstance" finished-at="2022-11-07T17:21:34 IST" duration-ms="1" status="PASS">
          <reporter-output>
          </reporter-output>
        </test-method> <!-- CloseInstance -->
      </class> <!-- in.amazon.nagpselenium.TestCases.TC1_VerifyTVStoreIsDisplayed -->
    </test> <!-- Test -->
  </suite> <!-- Suite -->
</testng-results>
