<?xml version="1.0" encoding="UTF-8"?>
<!-- Generated by org.testng.reporters.JUnitXMLReporter -->
<testsuite ignored="0" hostname="Sarojchandra-01" failures="0" tests="3" name="TestonEdge" time="0.357" errors="0" timestamp="2022-06-09T16:36:10 IST">
  <testcase classname="in.amazon.nagpselenium.base.BaseTest" name="@BeforeClass Initialize" time="-1.654772769508E9">
    <failure type="org.testng.TestNGException" message="
Can inject only one of &amp;lt;ITestContext, XmlTest&amp;gt; into a @BeforeClass annotated Initialize.
For more information on native dependency injection please refer to https://testng.org/doc/documentation-main.html#native-dependency-injection">
      <![CDATA[org.testng.TestNGException: 
Can inject only one of <ITestContext, XmlTest> into a @BeforeClass annotated Initialize.
For more information on native dependency injection please refer to https://testng.org/doc/documentation-main.html#native-dependency-injection
at java.base/java.util.ArrayList.forEach(ArrayList.java:1511)
... Removed 22 stack frames]]>
    </failure>
  </testcase> <!-- @BeforeClass Initialize -->
  <testcase classname="in.amazon.nagpselenium.base.BaseTest" name="@AfterTest Finish" time="0.0">
    <failure type="java.lang.NullPointerException" message="Cannot invoke &amp;quot;org.openqa.selenium.WebDriver.close()&amp;quot; because &amp;quot;in.amazon.nagpselenium.common.util.Base.Driver&amp;quot; is null">
      <![CDATA[java.lang.NullPointerException: Cannot invoke "org.openqa.selenium.WebDriver.close()" because "in.amazon.nagpselenium.common.util.Base.Driver" is null
at in.amazon.nagpselenium.common.util.Base.Close(Base.java:88)
at in.amazon.nagpselenium.base.BaseTest.Finish(BaseTest.java:40)
... Removed 24 stack frames]]>
    </failure>
  </testcase> <!-- @AfterTest Finish -->
  <testcase classname="in.amazon.nagpselenium.TestCases.Verify_Amazon_CommonFunctionalities" name="TC_ValidateHomePage" time="0.0">
    <skipped/>
  </testcase> <!-- TC_ValidateHomePage -->
  <testcase classname="in.amazon.nagpselenium.TestCases.Verify_Amazon_CommonFunctionalities" name="TC_VeriyCustomerService" time="0.0">
    <skipped/>
  </testcase> <!-- TC_VeriyCustomerService -->
  <testcase classname="in.amazon.nagpselenium.TestCases.Verify_Amazon_CommonFunctionalities" name="TC_SetDeliveryTo_ZipCode_Location" time="0.0">
    <skipped/>
  </testcase> <!-- TC_SetDeliveryTo_ZipCode_Location -->
</testsuite> <!-- TestonEdge -->
